============================= test session starts =============================
platform win32 -- Python 3.13.12, pytest-9.1.1, pluggy-1.6.0 -- C:\Users\Luis F\Documents\Desarrollo\distribuidora dj\.venv\Scripts\python.exe
cachedir: .pytest_cache
rootdir: C:\Users\Luis F\Documents\Desarrollo\distribuidora dj
configfile: pytest.ini
collecting ... collected 865 items

tests/services/test_auditoria.py::test_registrar_evento_requiere_accion ERROR [  0%]
tests/services/test_auditoria.py::test_registrar_evento_requiere_modulo ERROR [  0%]
tests/services/test_auditoria.py::test_registrar_evento_detalle_string ERROR [  0%]
tests/services/test_auditoria.py::test_registrar_evento_detalle_dict_se_serializa_json ERROR [  0%]
tests/services/test_auditoria.py::test_registrar_evento_detalle_none ERROR [  0%]
tests/services/test_auditoria.py::test_registrar_evento_con_usuario ERROR [  0%]
tests/services/test_auditoria.py::test_consultar_auditoria_filtra_por_modulo ERROR [  0%]
tests/services/test_auditoria.py::test_consultar_auditoria_sin_usuario_autorizado_falla ERROR [  0%]
tests/services/test_auditoria.py::test_consultar_auditoria_filtra_por_accion ERROR [  1%]
tests/services/test_auditoria.py::test_consultar_auditoria_texto_busqueda_coincide_parcial_en_accion ERROR [  1%]
tests/services/test_auditoria.py::test_consultar_auditoria_texto_busqueda_coincide_en_modulo ERROR [  1%]
tests/services/test_auditoria.py::test_consultar_auditoria_texto_busqueda_coincide_en_detalle ERROR [  1%]
tests/services/test_auditoria.py::test_consultar_auditoria_texto_busqueda_coincide_en_nombre_usuario ERROR [  1%]
tests/services/test_auditoria.py::test_consultar_auditoria_texto_busqueda_sin_coincidencias ERROR [  1%]
tests/services/test_auditoria.py::test_consultar_auditoria_filtra_por_usuario ERROR [  1%]
tests/services/test_auditoria.py::test_consultar_auditoria_filtra_por_rango_de_fechas ERROR [  1%]
tests/services/test_auditoria.py::test_consultar_auditoria_paginacion ERROR [  1%]
tests/services/test_auth.py::test_hash_password_no_devuelve_texto_plano PASSED [  2%]
tests/services/test_auth.py::test_verify_password_rechaza_clave_incorrecta PASSED [  2%]
tests/services/test_auth.py::test_verify_password_hash_invalido_no_lanza PASSED [  2%]
tests/services/test_auth.py::test_authenticate_credenciales_validas ERROR [  2%]
tests/services/test_auth.py::test_authenticate_clave_incorrecta ERROR    [  2%]
tests/services/test_auth.py::test_authenticate_usuario_inexistente ERROR [  2%]
tests/services/test_auth.py::test_authenticate_usuario_inactivo ERROR    [  2%]
tests/services/test_auth.py::test_authenticate_usuario_sin_clave ERROR   [  2%]
tests/services/test_auth.py::test_authenticate_exitoso_registra_auditoria ERROR [  3%]
tests/services/test_auth.py::test_authenticate_fallido_no_registra_auditoria ERROR [  3%]
tests/services/test_auth.py::test_authenticate_accion_exito_personalizada ERROR [  3%]
tests/services/test_auth.py::test_authenticate_accion_fallo_personalizada ERROR [  3%]
tests/services/test_auth.py::test_authenticate_fallido_registra_auditoria_login_fallido ERROR [  3%]
tests/services/test_auth.py::test_authenticate_incrementa_intentos_fallidos ERROR [  3%]
tests/services/test_auth.py::test_authenticate_exitoso_resetea_intentos_fallidos ERROR [  3%]
tests/services/test_auth.py::test_authenticate_bloquea_tras_max_intentos_fallidos ERROR [  3%]
tests/services/test_auth.py::test_validar_password_policy_clave_valida_no_lanza PASSED [  3%]
tests/services/test_auth.py::test_validar_password_policy_muy_corta PASSED [  4%]
tests/services/test_auth.py::test_validar_password_policy_sin_mayuscula PASSED [  4%]
tests/services/test_auth.py::test_validar_password_policy_sin_minuscula PASSED [  4%]
tests/services/test_auth.py::test_validar_password_policy_sin_numero PASSED [  4%]
tests/services/test_auth.py::test_validar_password_policy_sin_caracter_especial PASSED [  4%]
tests/services/test_auth.py::test_validar_password_policy_acumula_todas_las_faltantes PASSED [  4%]
tests/services/test_auth.py::test_validar_password_policy_rechaza_clave_mas_larga_que_72_bytes PASSED [  4%]
tests/services/test_auth.py::test_authenticate_bloqueado_no_verifica_clave_correcta ERROR [  4%]
tests/services/test_categorias.py::test_crear_categoria ERROR            [  4%]
tests/services/test_categorias.py::test_crear_categoria_sin_usuario_autorizado_falla ERROR [  5%]
tests/services/test_categorias.py::test_obtener_categoria ERROR          [  5%]
tests/services/test_categorias.py::test_obtener_categoria_inexistente ERROR [  5%]
tests/services/test_categorias.py::test_obtener_categoria_sin_usuario_autorizado_falla ERROR [  5%]
tests/services/test_categorias.py::test_listar_categorias_ordenadas_por_nombre ERROR [  5%]
tests/services/test_categorias.py::test_listar_categorias_sin_usuario_autorizado_falla ERROR [  5%]
tests/services/test_categorias.py::test_contar_productos ERROR           [  5%]
tests/services/test_categorias.py::test_contar_productos_sin_productos ERROR [  5%]
tests/services/test_categorias.py::test_listar_con_conteo ERROR          [  6%]
tests/services/test_categorias.py::test_listar_con_conteo_sin_usuario_autorizado_falla ERROR [  6%]
tests/services/test_categorias.py::test_listar_con_conteo_categoria_sin_productos ERROR [  6%]
tests/services/test_categorias.py::test_actualizar_categoria ERROR       [  6%]
tests/services/test_categorias.py::test_actualizar_categoria_sin_usuario_autorizado_falla ERROR [  6%]
tests/services/test_categorias.py::test_actualizar_categoria_inexistente ERROR [  6%]
tests/services/test_categorias.py::test_eliminar_categoria ERROR         [  6%]
tests/services/test_categorias.py::test_eliminar_categoria_sin_usuario_autorizado_falla ERROR [  6%]
tests/services/test_categorias.py::test_eliminar_categoria_inexistente_no_falla ERROR [  6%]
tests/services/test_categorias.py::test_eliminar_categoria_con_productos_falla ERROR [  7%]
tests/services/test_clientes.py::test_create_cliente ERROR               [  7%]
tests/services/test_clientes.py::test_create_cliente_sin_usuario_autorizado_falla ERROR [  7%]
tests/services/test_clientes.py::test_create_cliente_requiere_codigo ERROR [  7%]
tests/services/test_clientes.py::test_create_cliente_requiere_identificacion ERROR [  7%]
tests/services/test_clientes.py::test_create_cliente_codigo_duplicado ERROR [  7%]
tests/services/test_clientes.py::test_create_cliente_identificacion_duplicada ERROR [  7%]
tests/services/test_clientes.py::test_list_clientes_filtra_por_texto ERROR [  7%]
tests/services/test_clientes.py::test_list_clientes_texto_busqueda_matchea_identificacion_email_o_telefono ERROR [  7%]
tests/services/test_clientes.py::test_list_clientes_sin_usuario_autorizado_falla ERROR [  8%]
tests/services/test_clientes.py::test_list_clientes_pagina_resultados ERROR [  8%]
tests/services/test_clientes.py::test_update_cliente ERROR               [  8%]
tests/services/test_clientes.py::test_update_cliente_sin_usuario_autorizado_falla ERROR [  8%]
tests/services/test_clientes.py::test_update_cliente_no_permite_vaciar_codigo ERROR [  8%]
tests/services/test_clientes.py::test_update_cliente_codigo_duplicado ERROR [  8%]
tests/services/test_clientes.py::test_update_cliente_identificacion_duplicada ERROR [  8%]
tests/services/test_clientes.py::test_update_cliente_permite_conservar_su_propio_codigo ERROR [  8%]
tests/services/test_clientes.py::test_update_cliente_inexistente ERROR   [  9%]
tests/services/test_clientes.py::test_delete_cliente_siempre_falla_para_proteger_integridad ERROR [  9%]
tests/services/test_clientes.py::test_delete_cliente_sin_usuario_autorizado_falla ERROR [  9%]
tests/services/test_clientes.py::test_cambiar_estado_cliente_desactiva ERROR [  9%]
tests/services/test_clientes.py::test_cambiar_estado_cliente_estado_invalido ERROR [  9%]
tests/services/test_clientes.py::test_cambiar_estado_cliente_inexistente ERROR [  9%]
tests/services/test_clientes.py::test_cambiar_estado_cliente_sin_usuario_autorizado_falla ERROR [  9%]
tests/services/test_clientes.py::test_create_cliente_con_coordenadas ERROR [  9%]
tests/services/test_clientes.py::test_create_cliente_requiere_latitud ERROR [  9%]
tests/services/test_clientes.py::test_create_cliente_requiere_longitud ERROR [ 10%]
tests/services/test_clientes.py::test_create_cliente_latitud_fuera_de_rango_falla ERROR [ 10%]
tests/services/test_clientes.py::test_create_cliente_longitud_fuera_de_rango_falla ERROR [ 10%]
tests/services/test_clientes.py::test_update_cliente_cambia_coordenadas ERROR [ 10%]
tests/services/test_clientes.py::test_update_cliente_no_permite_vaciar_latitud ERROR [ 10%]
tests/services/test_clientes.py::test_update_cliente_no_permite_vaciar_longitud ERROR [ 10%]
tests/services/test_clientes.py::test_update_cliente_conserva_coordenadas_existentes_al_editar_otro_campo ERROR [ 10%]
tests/services/test_clientes.py::test_listar_clientes_por_ruta ERROR     [ 10%]
tests/services/test_clientes.py::test_listar_clientes_por_ruta_sin_usuario_autorizado_falla ERROR [ 10%]
tests/services/test_comisiones.py::test_calcular_comisiones_factura_batch_saltea_producto_sin_precio ERROR [ 11%]
tests/services/test_comisiones.py::test_pagar_comisiones_vendedor_por_caja ERROR [ 11%]
tests/services/test_comisiones.py::test_pagar_comisiones_vendedor_por_cuenta_bancaria ERROR [ 11%]
tests/services/test_comisiones.py::test_pagar_comisiones_vendedor_agrupa_varias_lineas_pendientes ERROR [ 11%]
tests/services/test_comisiones.py::test_pagar_comisiones_vendedor_requiere_exactamente_un_origen ERROR [ 11%]
tests/services/test_comisiones.py::test_pagar_comisiones_vendedor_sin_comisiones_pendientes_falla ERROR [ 11%]
tests/services/test_comisiones.py::test_pagar_comisiones_vendedor_no_repaga_las_ya_pagadas ERROR [ 11%]
tests/services/test_comisiones.py::test_pagar_comisiones_vendedor_sin_usuario_autorizado_falla ERROR [ 11%]
tests/services/test_comisiones.py::test_pagar_comisiones_vendedor_no_encontrado_falla ERROR [ 12%]
tests/services/test_comisiones.py::test_listar_comisiones_vendedor_filtra_por_estado ERROR [ 12%]
tests/services/test_comisiones.py::test_listar_pagos_comision_vendedor ERROR [ 12%]
tests/services/test_comisiones.py::test_listar_mis_comisiones_retorna_solo_propias ERROR [ 12%]
tests/services/test_comisiones.py::test_listar_mis_comisiones_sin_vendedor_vinculado ERROR [ 12%]
tests/services/test_comisiones.py::test_comision_credito_nace_pendiente_y_no_es_pagable ERROR [ 12%]
tests/services/test_comisiones.py::test_comision_credito_se_libera_al_cobrar_cxc_completa ERROR [ 12%]
tests/services/test_compras.py::test_registrar_compra_contado_repone_stock_y_calcula_total ERROR [ 12%]
tests/services/test_compras.py::test_registrar_compra_sin_usuario_autorizado_falla ERROR [ 12%]
tests/services/test_compras.py::test_registrar_compra_proveedor_inactivo_falla ERROR [ 13%]
tests/services/test_compras.py::test_registrar_compra_producto_inactivo_falla ERROR [ 13%]
tests/services/test_compras.py::test_registrar_compra_producto_inexistente_falla ERROR [ 13%]
tests/services/test_compras.py::test_registrar_compra_contado_no_abre_cuenta_por_pagar ERROR [ 13%]
tests/services/test_compras.py::test_registrar_compra_credito_abre_cuenta_por_pagar ERROR [ 13%]
tests/services/test_compras.py::test_registrar_compra_credito_excede_limite ERROR [ 13%]
tests/services/test_compras.py::test_registrar_compra_credito_acumula_deuda_de_compras_previas ERROR [ 13%]
tests/services/test_compras.py::test_registrar_compra_sin_items ERROR    [ 13%]
tests/services/test_compras.py::test_registrar_compra_condicion_pago_invalida ERROR [ 13%]
tests/services/test_compras.py::test_registrar_compra_proveedor_inexistente ERROR [ 14%]
tests/services/test_compras.py::test_anular_compra_contado_repone_stock ERROR [ 14%]
tests/services/test_compras.py::test_anular_compra_sin_usuario_autorizado_falla ERROR [ 14%]
tests/services/test_compras.py::test_anular_compra_credito_repone_stock_y_cierra_cxp ERROR [ 14%]
tests/services/test_compras.py::test_anular_compra_con_pago_aplicado_genera_nota_de_credito ERROR [ 14%]
tests/services/test_compras.py::test_anular_compra_sin_motivo ERROR      [ 14%]
tests/services/test_compras.py::test_anular_compra_ya_anulada ERROR      [ 14%]
tests/services/test_compras.py::test_anular_compra_inexistente ERROR     [ 14%]
tests/services/test_compras.py::test_listar_compras_filtra_por_proveedor ERROR [ 15%]
tests/services/test_compras.py::test_listar_compras_sin_usuario_autorizado_falla ERROR [ 15%]
tests/services/test_compras.py::test_registrar_compra_contado_sin_pago_falla ERROR [ 15%]
tests/services/test_compras.py::test_registrar_compra_contado_efectivo_descuenta_caja ERROR [ 15%]
tests/services/test_compras.py::test_registrar_compra_contado_transferencia_registra_movimiento_bancario ERROR [ 15%]
tests/services/test_compras.py::test_registrar_compra_contado_pago_no_coincide_con_total_falla ERROR [ 15%]
tests/services/test_compras.py::test_registrar_compra_contado_caja_sin_saldo_suficiente_falla ERROR [ 15%]
tests/services/test_compras.py::test_registrar_compra_contado_convierte_pago_ves_con_tasa_vigente ERROR [ 15%]
tests/services/test_compras.py::test_registrar_compra_credito_con_pago_falla ERROR [ 15%]
tests/services/test_compras.py::test_obtener_compra_devuelve_compra_y_detalles ERROR [ 16%]
tests/services/test_compras.py::test_obtener_compra_inexistente_falla ERROR [ 16%]
tests/services/test_compras.py::test_obtener_compra_sin_usuario_autorizado_falla ERROR [ 16%]
tests/services/test_compras.py::test_crear_compra_desde_oc_credito_basico ERROR [ 16%]
tests/services/test_compras.py::test_crear_compra_desde_oc_contado_descuenta_caja ERROR [ 16%]
tests/services/test_compras.py::test_crear_compra_desde_oc_parcial_segunda_factura ERROR [ 16%]
tests/services/test_compras.py::test_crear_compra_desde_oc_cantidad_facturada_excede_recibida_falla ERROR [ 16%]
tests/services/test_compras.py::test_crear_compra_desde_oc_stock_no_duplicado ERROR [ 16%]
tests/services/test_compras.py::test_crear_compra_desde_oc_oc_anulada_falla ERROR [ 16%]
tests/services/test_dashboard.py::test_panel_general_devuelve_todas_las_secciones ERROR [ 17%]
tests/services/test_dashboard.py::test_panel_general_sin_usuario_autorizado_falla ERROR [ 17%]
tests/services/test_dashboard.py::test_ventas_hoy_excluye_anuladas_y_calcula_porcentaje ERROR [ 17%]
tests/services/test_dashboard.py::test_ventas_hoy_sin_ventas_previas ERROR [ 17%]
tests/services/test_dashboard.py::test_por_cobrar_suma_saldos_abiertos_y_cuenta_vencidas ERROR [ 17%]
tests/services/test_dashboard.py::test_por_pagar_suma_saldos_abiertos_y_cuenta_vencidas ERROR [ 17%]
tests/services/test_dashboard.py::test_productos_alerta_cuenta_bajo_stock ERROR [ 17%]
tests/services/test_dashboard.py::test_productos_alerta_excluye_inactivos ERROR [ 17%]
tests/services/test_dashboard.py::test_grafico_semanal_tiene_siete_dias_incluyendo_hoy ERROR [ 18%]
tests/services/test_dashboard.py::test_cajas_activas_solo_incluye_abiertas_hoy ERROR [ 18%]
tests/services/test_dashboard.py::test_facturas_recientes_limita_a_cinco_y_ordena_desc ERROR [ 18%]
tests/services/test_dashboard.py::test_inventario_alerta_incluye_categoria ERROR [ 18%]
tests/services/test_dashboard.py::test_inventario_alerta_excluye_inactivos ERROR [ 18%]
tests/services/test_email_service.py::test_enviar_correo_sin_smtp_user_ni_password_lanza PASSED [ 18%]
tests/services/test_email_service.py::test_enviar_correo_sin_smtp_password_lanza PASSED [ 18%]
tests/services/test_email_service.py::test_enviar_correo_sin_smtp_user_lanza PASSED [ 18%]
tests/services/test_email_service.py::test_enviar_correo_configurado_envia_via_smtp PASSED [ 18%]
tests/services/test_email_service.py::test_enviar_correo_sin_smtp_from_usa_smtp_user PASSED [ 19%]
tests/services/test_email_service.py::test_enviar_correo_sin_cuerpo_html_es_texto_plano_simple PASSED [ 19%]
tests/services/test_email_service.py::test_enviar_correo_con_cuerpo_html_arma_multipart_alternative PASSED [ 19%]
tests/services/test_empresa.py::test_obtener_configuracion_sin_datos ERROR [ 19%]
tests/services/test_empresa.py::test_obtener_configuracion_sin_usuario_autorizado_falla ERROR [ 19%]
tests/services/test_empresa.py::test_guardar_configuracion_crea_si_no_existe ERROR [ 19%]
tests/services/test_empresa.py::test_guardar_configuracion_sin_usuario_autorizado_falla ERROR [ 19%]
tests/services/test_empresa.py::test_guardar_configuracion_actualiza_registro_singleton ERROR [ 19%]
tests/services/test_empresa.py::test_guardar_configuracion_logo_sentinel_no_toca_logo ERROR [ 20%]
tests/services/test_empresa.py::test_guardar_configuracion_logo_none_lo_borra ERROR [ 20%]
tests/services/test_empresa.py::test_guardar_configuracion_registra_modificado_por ERROR [ 20%]
tests/services/test_empresa.py::test_guardar_configuracion_default_iva_desactivado ERROR [ 20%]
tests/services/test_empresa.py::test_guardar_configuracion_iva_activo_y_porcentaje_y_pie_pagina ERROR [ 20%]
tests/services/test_empresa.py::test_guardar_configuracion_iva_porcentaje_fuera_de_rango_falla ERROR [ 20%]
tests/services/test_empresa.py::test_obtener_iva_vigente_sin_configuracion ERROR [ 20%]
tests/services/test_empresa.py::test_obtener_iva_vigente_sin_usuario_autorizado_no_falla ERROR [ 20%]
tests/services/test_empresa.py::test_obtener_iva_vigente_desactivado_devuelve_cero ERROR [ 20%]
tests/services/test_exportacion.py::test_exportar_excel_escribe_encabezados_y_filas PASSED [ 21%]
tests/services/test_exportacion.py::test_exportar_excel_sin_filas_escribe_solo_encabezados PASSED [ 21%]
tests/services/test_exportacion.py::test_exportar_excel_acepta_generador_de_filas PASSED [ 21%]
tests/services/test_historial_cliente.py::test_obtener_historial_cliente_dias_credito_no_cambia_retroactivamente ERROR [ 21%]
tests/services/test_inventario.py::test_crear_producto ERROR             [ 21%]
tests/services/test_inventario.py::test_crear_producto_sin_usuario_autorizado_falla ERROR [ 21%]
tests/services/test_inventario.py::test_crear_producto_requiere_codigo ERROR [ 21%]
tests/services/test_inventario.py::test_crear_producto_codigo_duplicado ERROR [ 21%]
tests/services/test_inventario.py::test_obtener_producto ERROR           [ 21%]
tests/services/test_inventario.py::test_obtener_producto_inexistente ERROR [ 22%]
tests/services/test_inventario.py::test_obtener_producto_sin_usuario_autorizado_falla ERROR [ 22%]
tests/services/test_inventario.py::test_actualizar_producto ERROR        [ 22%]
tests/services/test_inventario.py::test_actualizar_producto_sin_usuario_autorizado_falla ERROR [ 22%]
tests/services/test_inventario.py::test_actualizar_producto_inexistente ERROR [ 22%]
tests/services/test_inventario.py::test_actualizar_producto_codigo_duplicado ERROR [ 22%]
tests/services/test_inventario.py::test_actualizar_producto_mismo_codigo_no_falla ERROR [ 22%]
tests/services/test_inventario.py::test_eliminar_producto_siempre_falla_para_proteger_integridad ERROR [ 22%]
tests/services/test_inventario.py::test_eliminar_producto_sin_usuario_autorizado_falla ERROR [ 23%]
tests/services/test_inventario.py::test_cambiar_estado_producto_desactiva ERROR [ 23%]
tests/services/test_inventario.py::test_cambiar_estado_producto_estado_invalido ERROR [ 23%]
tests/services/test_inventario.py::test_cambiar_estado_producto_inexistente ERROR [ 23%]
tests/services/test_inventario.py::test_cambiar_estado_producto_sin_usuario_autorizado_falla ERROR [ 23%]
tests/services/test_inventario.py::test_buscar_por_codigo ERROR          [ 23%]
tests/services/test_inventario.py::test_buscar_sin_usuario_autorizado_falla ERROR [ 23%]
tests/services/test_inventario.py::test_buscar_por_nombre ERROR          [ 23%]
tests/services/test_inventario.py::test_buscar_por_texto_incluye_codigo_o_nombre ERROR [ 23%]
tests/services/test_inventario.py::test_buscar_por_categoria ERROR       [ 24%]
tests/services/test_inventario.py::test_buscar_solo_con_stock ERROR      [ 24%]
tests/services/test_inventario.py::test_buscar_pagina_resultados ERROR   [ 24%]
tests/services/test_inventario.py::test_obtener_alertas_stock_bajo ERROR [ 24%]
tests/services/test_inventario.py::test_obtener_alertas_stock_sin_usuario_autorizado_falla ERROR [ 24%]
tests/services/test_inventario.py::test_obtener_alertas_stock_bajo_excluye_inactivos ERROR [ 24%]
tests/services/test_inventario.py::test_obtener_alertas_proximos_vencer ERROR [ 24%]
tests/services/test_inventario.py::test_obtener_alertas_proximos_vencer_excluye_inactivos ERROR [ 24%]
tests/services/test_inventario.py::test_establecer_precio_crea ERROR     [ 24%]
tests/services/test_inventario.py::test_establecer_precio_sin_usuario_autorizado_falla ERROR [ 25%]
tests/services/test_inventario.py::test_establecer_precio_actualiza_existente ERROR [ 25%]
tests/services/test_inventario.py::test_establecer_precio_segunda_vez_actualiza_no_duplica ERROR [ 25%]
tests/services/test_inventario.py::test_establecer_precio_producto_inexistente ERROR [ 25%]
tests/services/test_inventario.py::test_establecer_precio_producto_inactivo_falla ERROR [ 25%]
tests/services/test_inventario.py::test_establecer_precio_costo_cero_margen_cero ERROR [ 25%]
tests/services/test_inventario.py::test_obtener_precio_sin_precio_configurado_es_none ERROR [ 25%]
tests/services/test_inventario.py::test_obtener_precio_sin_usuario_autorizado_falla ERROR [ 25%]
tests/services/test_inventario.py::test_eliminar_precio ERROR            [ 26%]
tests/services/test_inventario.py::test_eliminar_precio_sin_usuario_autorizado_falla ERROR [ 26%]
tests/services/test_inventario.py::test_eliminar_precio_inexistente_no_falla ERROR [ 26%]
tests/services/test_inventario.py::test_establecer_precio_bloquea_con_updlock_rowlock_concurrente ERROR [ 26%]
tests/services/test_notas_credito.py::test_crear_nota_credito_cliente_ok ERROR [ 26%]
tests/services/test_notas_credito.py::test_crear_nota_credito_cliente_correlativo_es_unico_y_valido ERROR [ 26%]
tests/services/test_notas_credito.py::test_crear_nota_credito_cliente_monto_invalido ERROR [ 26%]
tests/services/test_notas_credito.py::test_listar_notas_credito_cliente ERROR [ 26%]
tests/services/test_notas_credito.py::test_listar_notas_credito_cliente_sin_usuario_autorizado_falla ERROR [ 26%]
tests/services/test_notas_credito.py::test_listar_notas_credito_clientes_reporte_filtra_por_cliente_y_pagina ERROR [ 27%]
tests/services/test_notas_credito.py::test_listar_notas_credito_clientes_sin_usuario_autorizado_falla ERROR [ 27%]
tests/services/test_notas_credito.py::test_aplicar_nota_credito_cliente_ok ERROR [ 27%]
tests/services/test_notas_credito.py::test_aplicar_nota_credito_cliente_parcial_deja_saldo_disponible ERROR [ 27%]
tests/services/test_notas_credito.py::test_aplicar_nota_credito_cliente_excede_saldo_disponible_falla ERROR [ 27%]
tests/services/test_notas_credito.py::test_aplicar_nota_credito_cliente_excede_saldo_pendiente_factura_falla ERROR [ 27%]
tests/services/test_notas_credito.py::test_aplicar_nota_credito_cliente_de_otro_cliente_falla ERROR [ 27%]
tests/services/test_notas_credito.py::test_aplicar_nota_credito_cliente_ya_aplicada_falla ERROR [ 27%]
tests/services/test_notas_credito.py::test_aplicar_nota_credito_cliente_sin_usuario_autorizado_falla ERROR [ 27%]
tests/services/test_notas_credito.py::test_devolver_nota_credito_cliente_efectivo_ok ERROR [ 28%]
tests/services/test_notas_credito.py::test_devolver_nota_credito_cliente_bancario_ok ERROR [ 28%]
tests/services/test_notas_credito.py::test_devolver_nota_credito_cliente_sin_autorizador_falla ERROR [ 28%]
tests/services/test_notas_credito.py::test_devolver_nota_credito_cliente_autorizador_sin_permiso_editar_falla ERROR [ 28%]
tests/services/test_notas_credito.py::test_devolver_nota_credito_cliente_efectivo_saldo_insuficiente_falla ERROR [ 28%]
tests/services/test_notas_credito.py::test_devolver_nota_credito_cliente_bancario_sin_referencia_falla ERROR [ 28%]
tests/services/test_notas_credito.py::test_devolver_nota_credito_cliente_excede_saldo_disponible_falla ERROR [ 28%]
tests/services/test_notas_credito.py::test_crear_nota_credito_proveedor_ok ERROR [ 28%]
tests/services/test_notas_credito.py::test_crear_nota_credito_proveedor_monto_invalido ERROR [ 29%]
tests/services/test_notas_credito.py::test_listar_notas_credito_proveedor ERROR [ 29%]
tests/services/test_notas_credito.py::test_listar_notas_credito_proveedor_sin_usuario_autorizado_falla ERROR [ 29%]
tests/services/test_otros_movimientos.py::test_crear_cuenta_cobrar_otro ERROR [ 29%]
tests/services/test_otros_movimientos.py::test_crear_cuenta_cobrar_otro_sin_usuario_autorizado_falla ERROR [ 29%]
tests/services/test_otros_movimientos.py::test_crear_cuenta_cobrar_otro_monto_invalido ERROR [ 29%]
tests/services/test_otros_movimientos.py::test_crear_cuenta_cobrar_otro_cliente_inactivo_falla ERROR [ 29%]
tests/services/test_otros_movimientos.py::test_crear_cuenta_cobrar_otro_cliente_inexistente ERROR [ 29%]
tests/services/test_otros_movimientos.py::test_registrar_abono_sin_usuario_autorizado_falla ERROR [ 29%]
tests/services/test_otros_movimientos.py::test_registrar_abono_sin_origen ERROR [ 30%]
tests/services/test_otros_movimientos.py::test_registrar_abono_dos_origenes ERROR [ 30%]
tests/services/test_otros_movimientos.py::test_registrar_abono_monto_invalido ERROR [ 30%]
tests/services/test_otros_movimientos.py::test_registrar_abono_cuenta_inexistente ERROR [ 30%]
tests/services/test_otros_movimientos.py::test_registrar_abono_cuenta_ya_pagada ERROR [ 30%]
tests/services/test_otros_movimientos.py::test_registrar_abono_excede_saldo ERROR [ 30%]
tests/services/test_otros_movimientos.py::test_registrar_abono_cuenta_bancaria_inexistente ERROR [ 30%]
tests/services/test_otros_movimientos.py::test_registrar_abono_cuenta_bancaria_inactiva_falla ERROR [ 30%]
tests/services/test_otros_movimientos.py::test_registrar_abono_caja_inexistente ERROR [ 30%]
tests/services/test_otros_movimientos.py::test_registrar_abono_caja_sin_turno_abierto ERROR [ 31%]
tests/services/test_otros_movimientos.py::test_registrar_abono_parcial_por_caja ERROR [ 31%]
tests/services/test_otros_movimientos.py::test_registrar_abono_completo_por_banco ERROR [ 31%]
tests/services/test_otros_movimientos.py::test_listar_cuentas_cobrar_otro_estado_invalido ERROR [ 31%]
tests/services/test_otros_movimientos.py::test_listar_cuentas_cobrar_otro_sin_usuario_autorizado_falla ERROR [ 31%]
tests/services/test_otros_movimientos.py::test_listar_cuentas_cobrar_otro_filtra_por_estado ERROR [ 31%]
tests/services/test_otros_movimientos.py::test_listar_cuentas_cobrar_otro_filtra_por_cliente ERROR [ 31%]
tests/services/test_otros_movimientos.py::test_crear_partida_no_conciliada ERROR [ 31%]
tests/services/test_otros_movimientos.py::test_crear_partida_no_conciliada_sin_usuario_autorizado_falla ERROR [ 32%]
tests/services/test_otros_movimientos.py::test_crear_partida_no_conciliada_monto_invalido ERROR [ 32%]
tests/services/test_otros_movimientos.py::test_crear_partida_no_conciliada_cuenta_bancaria_inexistente ERROR [ 32%]
tests/services/test_otros_movimientos.py::test_crear_partida_no_conciliada_cuenta_bancaria_inactiva_falla ERROR [ 32%]
tests/services/test_otros_movimientos.py::test_crear_partida_no_conciliada_movimiento_inexistente ERROR [ 32%]
tests/services/test_otros_movimientos.py::test_conciliar_partida_sin_usuario_autorizado_falla ERROR [ 32%]
tests/services/test_otros_movimientos.py::test_conciliar_partida_monto_invalido ERROR [ 32%]
tests/services/test_otros_movimientos.py::test_conciliar_partida_inexistente ERROR [ 32%]
tests/services/test_otros_movimientos.py::test_conciliar_partida_excede_saldo_partida ERROR [ 32%]
tests/services/test_otros_movimientos.py::test_conciliar_partida_cliente_inexistente ERROR [ 33%]
tests/services/test_otros_movimientos.py::test_conciliar_partida_cliente_inactivo_falla ERROR [ 33%]
tests/services/test_otros_movimientos.py::test_conciliar_partida_cxc_inexistente ERROR [ 33%]
tests/services/test_otros_movimientos.py::test_conciliar_partida_cxc_no_pertenece_al_cliente ERROR [ 33%]
tests/services/test_otros_movimientos.py::test_conciliar_partida_excede_saldo_factura ERROR [ 33%]
tests/services/test_otros_movimientos.py::test_conciliar_partida_ya_atribuida_a_otro_cliente ERROR [ 33%]
tests/services/test_otros_movimientos.py::test_conciliar_partida_exitosa_no_duplica_movimiento_bancario ERROR [ 33%]
tests/services/test_otros_movimientos.py::test_listar_partidas_no_conciliadas_estado_invalido ERROR [ 33%]
tests/services/test_otros_movimientos.py::test_listar_partidas_no_conciliadas_sin_usuario_autorizado_falla ERROR [ 33%]
tests/services/test_otros_movimientos.py::test_listar_partidas_no_conciliadas_filtra_por_estado ERROR [ 34%]
tests/services/test_otros_movimientos.py::test_check_saldo_pendiente_rechaza_negativo_en_cuenta_cobrar_otro ERROR [ 34%]
tests/services/test_pagos.py::test_registrar_pago_cobro_por_caja ERROR   [ 34%]
tests/services/test_pagos.py::test_registrar_pago_cobro_sin_usuario_autorizado_falla ERROR [ 34%]
tests/services/test_pagos.py::test_registrar_pago_cobro_completo_marca_pagada ERROR [ 34%]
tests/services/test_pagos.py::test_registrar_pago_cobro_por_banco_actualiza_saldo ERROR [ 34%]
tests/services/test_pagos.py::test_registrar_pago_cobro_por_banco_cuenta_inactiva_falla ERROR [ 34%]
tests/services/test_pagos.py::test_registrar_pago_cobro_por_banco_cuenta_inexistente_falla ERROR [ 34%]
tests/services/test_pagos.py::test_registrar_pago_cobro_sin_origen ERROR [ 35%]
tests/services/test_pagos.py::test_registrar_pago_cobro_con_dos_origenes ERROR [ 35%]
tests/services/test_pagos.py::test_registrar_pago_cobro_excede_saldo ERROR [ 35%]
tests/services/test_pagos.py::test_registrar_pago_cobro_monto_invalido ERROR [ 35%]
tests/services/test_pagos.py::test_registrar_pago_cobro_cuenta_inexistente ERROR [ 35%]
tests/services/test_pagos.py::test_registrar_pago_cobro_caja_sin_turno_abierto_falla ERROR [ 35%]
tests/services/test_pagos.py::test_registrar_pago_cobro_caja_con_turno_ya_cerrado_falla ERROR [ 35%]
tests/services/test_pagos.py::test_registrar_pago_cobro_guarda_moneda_y_monto_moneda_origen ERROR [ 35%]
tests/services/test_pagos.py::test_registrar_pago_cobro_moneda_por_defecto_es_usd ERROR [ 35%]
tests/services/test_pagos.py::test_listar_pagos_cobro ERROR              [ 36%]
tests/services/test_pagos.py::test_listar_pagos_cobro_sin_usuario_autorizado_falla ERROR [ 36%]
tests/services/test_pagos.py::test_registrar_pago_proveedor_por_caja ERROR [ 36%]
tests/services/test_pagos.py::test_registrar_pago_proveedor_sin_usuario_autorizado_falla ERROR [ 36%]
tests/services/test_pagos.py::test_registrar_pago_proveedor_por_banco_completo ERROR [ 36%]
tests/services/test_pagos.py::test_registrar_pago_proveedor_excede_saldo ERROR [ 36%]
tests/services/test_pagos.py::test_registrar_pago_proveedor_por_banco_cuenta_inactiva_falla ERROR [ 36%]
tests/services/test_pagos.py::test_registrar_pago_proveedor_cuenta_inexistente ERROR [ 36%]
tests/services/test_pagos.py::test_listar_pagos_proveedor ERROR          [ 36%]
tests/services/test_pagos.py::test_listar_pagos_proveedor_sin_usuario_autorizado_falla ERROR [ 37%]
tests/services/test_pagos.py::test_trigger_rechaza_pago_sin_origen_si_se_inserta_sin_pasar_por_el_service ERROR [ 37%]
tests/services/test_pagos.py::test_borrar_pago_cobro_por_caja_revierte_saldo_y_borra_movimiento ERROR [ 37%]
tests/services/test_pagos.py::test_borrar_pago_cobro_por_banco_revierte_saldo_bancario_y_borra_movimiento ERROR [ 37%]
tests/services/test_pagos.py::test_borrar_pago_cobro_con_turno_de_caja_ya_cerrado_recalcula_saldo_cierre ERROR [ 37%]
tests/services/test_pagos.py::test_borrar_pago_proveedor_por_banco_revierte_saldo_bancario ERROR [ 37%]
tests/services/test_pagos.py::test_registrar_pago_proveedor_por_caja_valida_turno_abierto ERROR [ 37%]
tests/services/test_pagos.py::test_registrar_pago_cobro_bloquea_con_updlock_rowlock_concurrente ERROR [ 37%]
tests/services/test_pagos.py::test_listar_cuentas_por_cobrar_sin_filtro ERROR [ 38%]
tests/services/test_pagos.py::test_listar_cuentas_por_cobrar_filtra_por_cliente ERROR [ 38%]
tests/services/test_pagos.py::test_listar_cuentas_por_cobrar_filtra_por_estado_vencida ERROR [ 38%]
tests/services/test_pagos.py::test_listar_cuentas_por_cobrar_filtra_por_estado_pagada ERROR [ 38%]
tests/services/test_pagos.py::test_listar_cuentas_por_cobrar_sin_usuario_autorizado_falla ERROR [ 38%]
tests/services/test_permisos.py::test_crear_rol ERROR                    [ 38%]
tests/services/test_permisos.py::test_crear_rol_sin_usuario_autorizado_falla ERROR [ 38%]
tests/services/test_permisos.py::test_crear_rol_requiere_nombre ERROR    [ 38%]
tests/services/test_permisos.py::test_crear_rol_nombre_duplicado ERROR   [ 38%]
tests/services/test_permisos.py::test_listar_roles_ordenados ERROR       [ 39%]
tests/services/test_permisos.py::test_listar_roles_sin_usuario_autorizado_falla ERROR [ 39%]
tests/services/test_permisos.py::test_obtener_rol_inexistente ERROR      [ 39%]
tests/services/test_permisos.py::test_obtener_rol_sin_usuario_autorizado_falla ERROR [ 39%]
tests/services/test_permisos.py::test_actualizar_rol ERROR               [ 39%]
tests/services/test_permisos.py::test_actualizar_rol_sin_usuario_autorizado_falla ERROR [ 39%]
tests/services/test_permisos.py::test_actualizar_rol_inexistente ERROR   [ 39%]
tests/services/test_permisos.py::test_actualizar_rol_nombre_duplicado ERROR [ 39%]
tests/services/test_permisos.py::test_actualizar_rol_no_permite_vaciar_nombre ERROR [ 40%]
tests/services/test_permisos.py::test_eliminar_rol ERROR                 [ 40%]
tests/services/test_permisos.py::test_eliminar_rol_sin_usuario_autorizado_falla ERROR [ 40%]
tests/services/test_permisos.py::test_eliminar_rol_inexistente_no_falla ERROR [ 40%]
tests/services/test_permisos.py::test_eliminar_rol_con_usuarios_asignados_falla ERROR [ 40%]
tests/services/test_permisos.py::test_actualizar_rol_no_permite_renombrar_admin ERROR [ 40%]
tests/services/test_permisos.py::test_actualizar_rol_admin_permite_editar_otros_campos ERROR [ 40%]
tests/services/test_permisos.py::test_eliminar_rol_no_permite_eliminar_admin ERROR [ 40%]
tests/services/test_permisos.py::test_listar_permisos_filtra_por_recurso ERROR [ 40%]
tests/services/test_permisos.py::test_listar_permisos_sin_usuario_autorizado_falla ERROR [ 41%]
tests/services/test_permisos.py::test_obtener_matriz_rol_marca_asignados ERROR [ 41%]
tests/services/test_permisos.py::test_obtener_matriz_rol_inexistente ERROR [ 41%]
tests/services/test_permisos.py::test_obtener_matriz_rol_sin_usuario_autorizado_falla ERROR [ 41%]
tests/services/test_permisos.py::test_asignar_permiso ERROR              [ 41%]
tests/services/test_permisos.py::test_asignar_permiso_sin_usuario_autorizado_falla ERROR [ 41%]
tests/services/test_permisos.py::test_asignar_permiso_es_idempotente ERROR [ 41%]
tests/services/test_permisos.py::test_asignar_permiso_rol_inexistente ERROR [ 41%]
tests/services/test_permisos.py::test_asignar_permiso_permiso_inexistente ERROR [ 41%]
tests/services/test_permisos.py::test_revocar_permiso ERROR              [ 42%]
tests/services/test_permisos.py::test_revocar_permiso_sin_usuario_autorizado_falla ERROR [ 42%]
tests/services/test_permisos.py::test_revocar_permiso_no_asignado_no_falla ERROR [ 42%]
tests/services/test_permisos.py::test_asignar_y_revocar_permiso_reflejan_en_verificar_permiso ERROR [ 42%]
tests/services/test_permisos.py::test_establecer_permisos_rol_reemplaza_conjunto_completo ERROR [ 42%]
tests/services/test_permisos.py::test_establecer_permisos_rol_sin_usuario_autorizado_falla ERROR [ 42%]
tests/services/test_permisos.py::test_establecer_permisos_rol_lista_vacia_quita_todos ERROR [ 42%]
tests/services/test_permisos.py::test_establecer_permisos_rol_rol_inexistente ERROR [ 42%]
tests/services/test_permisos.py::test_establecer_permisos_rol_permiso_inexistente ERROR [ 43%]
tests/services/test_permisos.py::test_require_permiso_usuario_inactivo_falla ERROR [ 43%]
tests/services/test_permisos.py::test_require_permiso_usuario_bloqueado_falla ERROR [ 43%]
tests/services/test_permisos.py::test_require_permiso_admin_inactivo_no_bypassa ERROR [ 43%]
tests/services/test_permisos.py::test_require_permiso_admin_bloqueado_no_bypassa ERROR [ 43%]
tests/services/test_permisos.py::test_require_permiso_usuario_sin_rol_asignado_falla ERROR [ 43%]
tests/services/test_permisos.py::test_require_permiso_usuario_none_falla ERROR [ 43%]
tests/services/test_permisos.py::test_require_permiso_usuario_inexistente_falla ERROR [ 43%]
tests/services/test_permisos.py::test_require_permiso_con_permiso_asignado_no_lanza ERROR [ 43%]
tests/services/test_permisos.py::test_require_permiso_sin_permiso_asignado_falla ERROR [ 44%]
tests/services/test_proveedores.py::test_crear_proveedor ERROR           [ 44%]
tests/services/test_proveedores.py::test_crear_proveedor_sin_usuario_autorizado_falla ERROR [ 44%]
tests/services/test_proveedores.py::test_crear_proveedor_requiere_codigo ERROR [ 44%]
tests/services/test_proveedores.py::test_crear_proveedor_requiere_identificacion ERROR [ 44%]
tests/services/test_proveedores.py::test_crear_proveedor_codigo_duplicado ERROR [ 44%]
tests/services/test_proveedores.py::test_crear_proveedor_identificacion_duplicada ERROR [ 44%]
tests/services/test_proveedores.py::test_obtener_proveedor ERROR         [ 44%]
tests/services/test_proveedores.py::test_obtener_proveedor_inexistente ERROR [ 44%]
tests/services/test_proveedores.py::test_obtener_proveedor_sin_usuario_autorizado_falla ERROR [ 45%]
tests/services/test_proveedores.py::test_listar_proveedores_filtra_por_texto ERROR [ 45%]
tests/services/test_proveedores.py::test_listar_proveedores_sin_usuario_autorizado_falla ERROR [ 45%]
tests/services/test_proveedores.py::test_listar_proveedores_pagina_resultados ERROR [ 45%]
tests/services/test_proveedores.py::test_listar_proveedores_filtra_por_estado ERROR [ 45%]
tests/services/test_proveedores.py::test_actualizar_proveedor ERROR      [ 45%]
tests/services/test_proveedores.py::test_actualizar_proveedor_sin_usuario_autorizado_falla ERROR [ 45%]
tests/services/test_proveedores.py::test_actualizar_proveedor_no_permite_vaciar_codigo ERROR [ 45%]
tests/services/test_proveedores.py::test_actualizar_proveedor_inexistente ERROR [ 46%]
tests/services/test_proveedores.py::test_actualizar_proveedor_codigo_duplicado ERROR [ 46%]
tests/services/test_proveedores.py::test_actualizar_credito ERROR        [ 46%]
tests/services/test_proveedores.py::test_actualizar_credito_sin_usuario_autorizado_falla ERROR [ 46%]
tests/services/test_proveedores.py::test_actualizar_credito_solo_campos_provistos ERROR [ 46%]
tests/services/test_proveedores.py::test_actualizar_credito_proveedor_inexistente ERROR [ 46%]
tests/services/test_proveedores.py::test_eliminar_proveedor_siempre_falla_para_proteger_integridad ERROR [ 46%]
tests/services/test_proveedores.py::test_eliminar_proveedor_sin_usuario_autorizado_falla ERROR [ 46%]
tests/services/test_proveedores.py::test_cambiar_estado_proveedor_desactiva ERROR [ 46%]
tests/services/test_proveedores.py::test_cambiar_estado_proveedor_estado_invalido ERROR [ 47%]
tests/services/test_proveedores.py::test_cambiar_estado_proveedor_inexistente ERROR [ 47%]
tests/services/test_proveedores.py::test_cambiar_estado_proveedor_sin_usuario_autorizado_falla ERROR [ 47%]
tests/services/test_recuperacion_acceso.py::test_solicitar_codigo_desbloqueo_envia_correo ERROR [ 47%]
tests/services/test_recuperacion_acceso.py::test_solicitar_codigo_incluye_version_html_corporativa ERROR [ 47%]
tests/services/test_recuperacion_acceso.py::test_solicitar_codigo_html_usa_nombre_de_empresa_configurado ERROR [ 47%]
tests/services/test_recuperacion_acceso.py::test_solicitar_codigo_usuario_inexistente_no_envia_y_responde_generico ERROR [ 47%]
tests/services/test_recuperacion_acceso.py::test_solicitar_codigo_usuario_sin_email_no_envia ERROR [ 47%]
tests/services/test_recuperacion_acceso.py::test_solicitar_codigo_en_cooldown_no_reenvia ERROR [ 47%]
tests/services/test_recuperacion_acceso.py::test_solicitar_codigo_despues_del_cooldown_si_reenvia ERROR [ 48%]
tests/services/test_recuperacion_acceso.py::test_solicitar_codigo_cooldown_es_por_tipo ERROR [ 48%]
tests/services/test_recuperacion_acceso.py::test_verificar_codigo_desbloqueo_correcto_desbloquea ERROR [ 48%]
tests/services/test_recuperacion_acceso.py::test_verificar_codigo_desbloqueo_no_cambia_la_clave ERROR [ 48%]
tests/services/test_recuperacion_acceso.py::test_verificar_codigo_incorrecto_no_desbloquea ERROR [ 48%]
tests/services/test_recuperacion_acceso.py::test_verificar_codigo_agota_intentos_e_invalida ERROR [ 48%]
tests/services/test_recuperacion_acceso.py::test_verificar_codigo_expirado_falla ERROR [ 48%]
tests/services/test_recuperacion_acceso.py::test_verificar_codigo_sin_solicitud_previa_falla ERROR [ 48%]
tests/services/test_recuperacion_acceso.py::test_recuperar_clave_flujo_completo ERROR [ 49%]
tests/services/test_recuperacion_acceso.py::test_recuperar_clave_rechaza_clave_debil_sin_quemar_el_codigo ERROR [ 49%]
tests/services/test_recuperacion_acceso.py::test_recuperar_clave_desbloquea_cuenta_bloqueada ERROR [ 49%]
tests/services/test_recuperacion_acceso.py::test_recuperar_clave_codigo_de_desbloqueo_no_sirve_para_cambiar_clave ERROR [ 49%]
tests/services/test_reportes.py::test_aging_sin_usuario_autorizado_falla ERROR [ 49%]
tests/services/test_reportes.py::test_aging_orden_invalido_falla ERROR   [ 49%]
tests/services/test_reportes.py::test_aging_sin_cuentas_abiertas ERROR   [ 49%]
tests/services/test_reportes.py::test_aging_clasifica_por_bucket_segun_dias_vencidos ERROR [ 49%]
tests/services/test_reportes.py::test_aging_excluye_cuentas_pagadas_por_completo ERROR [ 49%]
tests/services/test_reportes.py::test_aging_filtra_por_cliente ERROR     [ 50%]
tests/services/test_reportes.py::test_aging_orden_por_saldo_pendiente ERROR [ 50%]
tests/services/test_reportes.py::test_ventas_por_periodo_sin_usuario_autorizado_falla ERROR [ 50%]
tests/services/test_reportes.py::test_ventas_por_periodo_agrupacion_invalida_falla ERROR [ 50%]
tests/services/test_reportes.py::test_ventas_por_periodo_rango_invertido_falla ERROR [ 50%]
tests/services/test_reportes.py::test_ventas_por_periodo_agrupa_por_dia_y_excluye_anuladas ERROR [ 50%]
tests/services/test_reportes.py::test_ventas_por_cliente_sin_usuario_autorizado_falla ERROR [ 50%]
tests/services/test_reportes.py::test_ventas_por_cliente_arma_ranking_descendente ERROR [ 50%]
tests/services/test_reportes.py::test_ventas_por_vendedor_sin_usuario_autorizado_falla ERROR [ 50%]
tests/services/test_reportes.py::test_ventas_por_vendedor_agrupa_correctamente ERROR [ 51%]
tests/services/test_reportes.py::test_ventas_por_vendedor_calcula_ticket_promedio ERROR [ 51%]
tests/services/test_reportes.py::test_ventas_por_ruta_sin_usuario_autorizado_falla ERROR [ 51%]
tests/services/test_reportes.py::test_ventas_por_ruta_fecha_desde_posterior_a_hasta_falla ERROR [ 51%]
tests/services/test_reportes.py::test_ventas_por_ruta_agrupa_por_ruta_del_vendedor_y_calcula_ticket_promedio ERROR [ 51%]
tests/services/test_reportes.py::test_ventas_por_ruta_excluye_anuladas ERROR [ 51%]
tests/services/test_reportes.py::test_activacion_clientes_sin_usuario_autorizado_falla ERROR [ 51%]
tests/services/test_reportes.py::test_activacion_clientes_fecha_desde_posterior_a_hasta_falla ERROR [ 51%]
tests/services/test_reportes.py::test_activacion_clientes_calcula_efectividad_contra_meta_del_vendedor ERROR [ 52%]
tests/services/test_reportes.py::test_activacion_clientes_sin_compras_queda_inactivo ERROR [ 52%]
tests/services/test_reportes.py::test_activacion_clientes_sin_meta_configurada_no_calcula_efectividad ERROR [ 52%]
tests/services/test_reportes.py::test_activacion_clientes_excluye_anuladas ERROR [ 52%]
tests/services/test_reportes.py::test_activacion_clientes_filtra_por_vendedor ERROR [ 52%]
tests/services/test_reportes.py::test_activacion_clientes_ignora_clientes_sin_vendedor_asignado ERROR [ 52%]
tests/services/test_reportes.py::test_productos_mas_vendidos_sin_usuario_autorizado_falla ERROR [ 52%]
tests/services/test_reportes.py::test_productos_mas_vendidos_orden_invalido_falla ERROR [ 52%]
tests/services/test_reportes.py::test_productos_mas_vendidos_respeta_orden_asc_y_desc ERROR [ 52%]
tests/services/test_reportes.py::test_facturas_anuladas_sin_usuario_autorizado_falla ERROR [ 53%]
tests/services/test_reportes.py::test_facturas_anuladas_incluye_motivo_desde_auditoria ERROR [ 53%]
tests/services/test_reportes.py::test_facturas_anuladas_no_incluye_facturas_vigentes ERROR [ 53%]
tests/services/test_reportes.py::test_notas_credito_emitidas_sin_usuario_autorizado_falla ERROR [ 53%]
tests/services/test_reportes.py::test_notas_credito_emitidas_lista_las_generadas_al_anular_con_pago ERROR [ 53%]
tests/services/test_reportes.py::test_notas_credito_emitidas_filtra_por_cliente ERROR [ 53%]
tests/services/test_reportes.py::test_ventas_contado_vs_credito_sin_usuario_autorizado_falla ERROR [ 53%]
tests/services/test_reportes.py::test_ventas_contado_vs_credito_separa_correctamente ERROR [ 53%]
tests/services/test_reportes.py::test_margen_utilidad_sin_usuario_autorizado_falla ERROR [ 53%]
tests/services/test_reportes.py::test_margen_utilidad_calcula_ingreso_costo_y_margen ERROR [ 54%]
tests/services/test_reportes.py::test_compras_por_periodo_sin_usuario_autorizado_falla ERROR [ 54%]
tests/services/test_reportes.py::test_compras_por_periodo_agrupacion_invalida_falla ERROR [ 54%]
tests/services/test_reportes.py::test_compras_por_periodo_agrupa_por_dia_y_excluye_anuladas ERROR [ 54%]
tests/services/test_reportes.py::test_compras_por_proveedor_sin_usuario_autorizado_falla ERROR [ 54%]
tests/services/test_reportes.py::test_compras_por_proveedor_arma_ranking_descendente ERROR [ 54%]
tests/services/test_reportes.py::test_compras_por_producto_sin_usuario_autorizado_falla ERROR [ 54%]
tests/services/test_reportes.py::test_compras_por_producto_orden_invalido_falla ERROR [ 54%]
tests/services/test_reportes.py::test_compras_por_producto_respeta_orden_asc_y_desc ERROR [ 55%]
tests/services/test_reportes.py::test_ordenes_compra_abiertas_sin_usuario_autorizado_falla ERROR [ 55%]
tests/services/test_reportes.py::test_ordenes_compra_abiertas_excluye_completas ERROR [ 55%]
tests/services/test_reportes.py::test_ordenes_compra_abiertas_marca_vencida_si_paso_fecha_estimada ERROR [ 55%]
tests/services/test_reportes.py::test_cumplimiento_proveedores_sin_usuario_autorizado_falla ERROR [ 55%]
tests/services/test_reportes.py::test_cumplimiento_proveedores_rango_invertido_falla ERROR [ 55%]
tests/services/test_reportes.py::test_cumplimiento_proveedores_clasifica_a_tiempo_y_tardia ERROR [ 55%]
tests/services/test_reportes.py::test_devoluciones_proveedor_sin_usuario_autorizado_falla ERROR [ 55%]
tests/services/test_reportes.py::test_devoluciones_proveedor_lista_con_motivo ERROR [ 55%]
tests/services/test_reportes.py::test_notas_credito_proveedor_sin_usuario_autorizado_falla ERROR [ 56%]
tests/services/test_reportes.py::test_notas_credito_proveedor_lista_generada_al_anular_con_pago ERROR [ 56%]
tests/services/test_reportes.py::test_arqueo_caja_sin_usuario_autorizado_falla ERROR [ 56%]
tests/services/test_reportes.py::test_arqueo_caja_inexistente ERROR      [ 56%]
tests/services/test_reportes.py::test_arqueo_caja_nunca_abierta_falla ERROR [ 56%]
tests/services/test_reportes.py::test_arqueo_caja_calcula_saldo_esperado_y_diferencia ERROR [ 56%]
tests/services/test_reportes.py::test_arqueo_caja_incluye_movimientos_generados_por_pagos ERROR [ 56%]
tests/services/test_reportes.py::test_kardex_sin_usuario_autorizado_falla ERROR [ 56%]
tests/services/test_reportes.py::test_kardex_producto_no_encontrado_falla ERROR [ 56%]
tests/services/test_reportes.py::test_kardex_fecha_desde_posterior_a_hasta_falla ERROR [ 57%]
tests/services/test_reportes.py::test_kardex_sin_movimientos ERROR       [ 57%]
tests/services/test_reportes.py::test_kardex_combina_las_4_fuentes_con_saldo_corrido ERROR [ 57%]
tests/services/test_reportes.py::test_kardex_saldo_inicial_incluye_movimientos_previos_al_rango ERROR [ 57%]
tests/services/test_reportes.py::test_valorizacion_sin_usuario_autorizado_falla ERROR [ 57%]
tests/services/test_reportes.py::test_valorizacion_sin_productos ERROR   [ 57%]
tests/services/test_reportes.py::test_valorizacion_calcula_valor_total_y_agrupa_por_categoria ERROR [ 57%]
tests/services/test_reportes.py::test_valorizacion_filtra_por_categoria ERROR [ 57%]
tests/services/test_reportes.py::test_valorizacion_excluye_productos_inactivos ERROR [ 58%]
tests/services/test_reportes.py::test_bajo_minimo_sin_usuario_autorizado_falla ERROR [ 58%]
tests/services/test_reportes.py::test_bajo_minimo_sin_alertas ERROR      [ 58%]
tests/services/test_reportes.py::test_bajo_minimo_ignora_producto_sin_minimo_configurado ERROR [ 58%]
tests/services/test_reportes.py::test_bajo_minimo_detecta_deficit_y_ordena_desc ERROR [ 58%]
tests/services/test_reportes.py::test_sin_movimiento_sin_usuario_autorizado_falla ERROR [ 58%]
tests/services/test_reportes.py::test_sin_movimiento_fecha_invalida_falla ERROR [ 58%]
tests/services/test_reportes.py::test_sin_movimiento_excluye_productos_con_venta_o_compra_en_rango ERROR [ 58%]
tests/services/test_reportes.py::test_sin_movimiento_incluye_fecha_ultimo_movimiento_fuera_de_rango ERROR [ 58%]
tests/services/test_reportes.py::test_historico_precios_sin_usuario_autorizado_falla ERROR [ 59%]
tests/services/test_reportes.py::test_historico_precios_producto_no_encontrado_falla ERROR [ 59%]
tests/services/test_reportes.py::test_historico_precios_sin_cambios ERROR [ 59%]
tests/services/test_reportes.py::test_historico_precios_registra_cada_cambio_en_orden ERROR [ 59%]
tests/services/test_reportes.py::test_historico_precios_no_mezcla_productos ERROR [ 59%]
tests/services/test_reportes.py::test_estado_cuenta_cliente_sin_usuario_autorizado_falla ERROR [ 59%]
tests/services/test_reportes.py::test_estado_cuenta_cliente_cliente_no_encontrado_falla ERROR [ 59%]
tests/services/test_reportes.py::test_estado_cuenta_cliente_fecha_invalida_falla ERROR [ 59%]
tests/services/test_reportes.py::test_estado_cuenta_cliente_sin_movimientos ERROR [ 60%]
tests/services/test_reportes.py::test_estado_cuenta_cliente_combina_cargo_y_abono_con_saldo_corrido ERROR [ 60%]
tests/services/test_reportes.py::test_estado_cuenta_cliente_no_mezcla_clientes ERROR [ 60%]
tests/services/test_reportes.py::test_cobros_del_periodo_sin_usuario_autorizado_falla ERROR [ 60%]
tests/services/test_reportes.py::test_cobros_del_periodo_fecha_invalida_falla ERROR [ 60%]
tests/services/test_reportes.py::test_cobros_del_periodo_sin_cobros ERROR [ 60%]
tests/services/test_reportes.py::test_cobros_del_periodo_agrupa_por_metodo_y_filtra_por_cliente ERROR [ 60%]
tests/services/test_reportes.py::test_clientes_morosos_sin_usuario_autorizado_falla ERROR [ 60%]
tests/services/test_reportes.py::test_clientes_morosos_sin_morosos ERROR [ 60%]
tests/services/test_reportes.py::test_clientes_morosos_agrupa_por_cliente_y_excluye_vigentes ERROR [ 61%]
tests/services/test_reportes.py::test_cxc_otras_sin_usuario_autorizado_falla ERROR [ 61%]
tests/services/test_reportes.py::test_cxc_otras_estado_invalido_falla ERROR [ 61%]
tests/services/test_reportes.py::test_cxc_otras_sin_cuentas ERROR        [ 61%]
tests/services/test_reportes.py::test_cxc_otras_filtra_por_cliente_y_estado ERROR [ 61%]
tests/services/test_reportes.py::test_estado_cuenta_proveedor_sin_usuario_autorizado_falla ERROR [ 61%]
tests/services/test_reportes.py::test_estado_cuenta_proveedor_proveedor_no_encontrado_falla ERROR [ 61%]
tests/services/test_reportes.py::test_estado_cuenta_proveedor_sin_movimientos ERROR [ 61%]
tests/services/test_reportes.py::test_estado_cuenta_proveedor_combina_cargo_y_abono_con_saldo_corrido ERROR [ 61%]
tests/services/test_reportes.py::test_pagos_del_periodo_sin_usuario_autorizado_falla ERROR [ 62%]
tests/services/test_reportes.py::test_pagos_del_periodo_fecha_invalida_falla ERROR [ 62%]
tests/services/test_reportes.py::test_pagos_del_periodo_sin_pagos ERROR  [ 62%]
tests/services/test_reportes.py::test_pagos_del_periodo_agrupa_por_metodo_y_filtra_por_proveedor ERROR [ 62%]
tests/services/test_reportes.py::test_proximos_vencimientos_sin_usuario_autorizado_falla ERROR [ 62%]
tests/services/test_reportes.py::test_proximos_vencimientos_dias_horizonte_negativo_falla ERROR [ 62%]
tests/services/test_reportes.py::test_proximos_vencimientos_sin_cuentas ERROR [ 62%]
tests/services/test_reportes.py::test_proximos_vencimientos_respeta_el_horizonte ERROR [ 62%]
tests/services/test_reportes.py::test_cxp_otras_sin_usuario_autorizado_falla ERROR [ 63%]
tests/services/test_reportes.py::test_cxp_otras_estado_invalido_falla ERROR [ 63%]
tests/services/test_reportes.py::test_cxp_otras_sin_cuentas ERROR        [ 63%]
tests/services/test_reportes.py::test_cxp_otras_filtra_por_cuenta_bancaria_y_estado ERROR [ 63%]
tests/services/test_reportes.py::test_movimientos_caja_periodo_sin_usuario_autorizado_falla ERROR [ 63%]
tests/services/test_reportes.py::test_movimientos_caja_periodo_fecha_invalida_falla ERROR [ 63%]
tests/services/test_reportes.py::test_movimientos_caja_periodo_tipo_invalido_falla ERROR [ 63%]
tests/services/test_reportes.py::test_movimientos_caja_periodo_sin_movimientos ERROR [ 63%]
tests/services/test_reportes.py::test_movimientos_caja_periodo_filtra_por_caja_y_tipo_con_totales ERROR [ 63%]
tests/services/test_reportes.py::test_cierre_diario_por_cajero_sin_usuario_autorizado_falla ERROR [ 64%]
tests/services/test_reportes.py::test_cierre_diario_por_cajero_fecha_invalida_falla ERROR [ 64%]
tests/services/test_reportes.py::test_cierre_diario_por_cajero_sin_turnos ERROR [ 64%]
tests/services/test_reportes.py::test_cierre_diario_por_cajero_calcula_saldo_esperado_y_diferencia ERROR [ 64%]
tests/services/test_reportes.py::test_cierre_diario_por_cajero_filtra_por_cajero ERROR [ 64%]
tests/services/test_reportes.py::test_flujo_caja_consolidado_sin_usuario_autorizado_falla ERROR [ 64%]
tests/services/test_reportes.py::test_flujo_caja_consolidado_agrupacion_invalida_falla ERROR [ 64%]
tests/services/test_reportes.py::test_flujo_caja_consolidado_fecha_invalida_falla ERROR [ 64%]
tests/services/test_reportes.py::test_flujo_caja_consolidado_sin_movimientos ERROR [ 64%]
tests/services/test_reportes.py::test_flujo_caja_consolidado_direcciones_correctas_caja_y_banco ERROR [ 65%]
tests/services/test_reportes.py::test_movimientos_cuenta_bancaria_sin_usuario_autorizado_falla ERROR [ 65%]
tests/services/test_reportes.py::test_movimientos_cuenta_bancaria_cuenta_no_encontrada_falla ERROR [ 65%]
tests/services/test_reportes.py::test_movimientos_cuenta_bancaria_fecha_invalida_falla ERROR [ 65%]
tests/services/test_reportes.py::test_movimientos_cuenta_bancaria_sin_movimientos ERROR [ 65%]
tests/services/test_reportes.py::test_movimientos_cuenta_bancaria_calcula_saldo_corrido_con_direccion_correcta ERROR [ 65%]
tests/services/test_reportes.py::test_movimientos_cuenta_bancaria_saldo_inicial_incluye_movimientos_previos ERROR [ 65%]
tests/services/test_reportes.py::test_conciliacion_bancaria_sin_usuario_autorizado_falla ERROR [ 65%]
tests/services/test_reportes.py::test_conciliacion_bancaria_fecha_invalida_falla ERROR [ 66%]
tests/services/test_reportes.py::test_conciliacion_bancaria_sin_partidas ERROR [ 66%]
tests/services/test_reportes.py::test_conciliacion_bancaria_agrupa_pendiente_vs_conciliado_por_cuenta ERROR [ 66%]
tests/services/test_reportes.py::test_saldo_consolidado_sin_usuario_autorizado_falla ERROR [ 66%]
tests/services/test_reportes.py::test_saldo_consolidado_agrupa_por_banco_y_excluye_inactivas ERROR [ 66%]
tests/services/test_reportes.py::test_comisiones_por_vendedor_sin_usuario_autorizado_falla ERROR [ 66%]
tests/services/test_reportes.py::test_comisiones_por_vendedor_fecha_invalida_falla ERROR [ 66%]
tests/services/test_reportes.py::test_comisiones_por_vendedor_sin_comisiones ERROR [ 66%]
tests/services/test_reportes.py::test_comisiones_por_vendedor_agrupa_y_filtra_por_vendedor ERROR [ 66%]
tests/services/test_reportes.py::test_comisiones_pagadas_vs_pendientes_sin_usuario_autorizado_falla ERROR [ 67%]
tests/services/test_reportes.py::test_comisiones_pagadas_vs_pendientes_fecha_invalida_falla ERROR [ 67%]
tests/services/test_reportes.py::test_comisiones_pagadas_vs_pendientes_sin_comisiones ERROR [ 67%]
tests/services/test_reportes.py::test_comisiones_pagadas_vs_pendientes_separa_pagado_de_liberada ERROR [ 67%]
tests/services/test_reportes.py::test_comisiones_pagadas_vs_pendientes_credito_sin_cobrar_cuenta_como_pendiente ERROR [ 67%]
tests/services/test_rutas.py::test_crear_ruta ERROR                      [ 67%]
tests/services/test_rutas.py::test_crear_ruta_sin_usuario_autorizado_falla ERROR [ 67%]
tests/services/test_rutas.py::test_crear_ruta_requiere_nombre ERROR      [ 67%]
tests/services/test_rutas.py::test_crear_ruta_nombre_duplicado ERROR     [ 67%]
tests/services/test_rutas.py::test_obtener_ruta ERROR                    [ 68%]
tests/services/test_rutas.py::test_obtener_ruta_inexistente ERROR        [ 68%]
tests/services/test_rutas.py::test_obtener_ruta_sin_usuario_autorizado_falla ERROR [ 68%]
tests/services/test_rutas.py::test_listar_rutas_filtra_por_texto ERROR   [ 68%]
tests/services/test_rutas.py::test_listar_rutas_sin_usuario_autorizado_falla ERROR [ 68%]
tests/services/test_rutas.py::test_listar_rutas_pagina_resultados ERROR  [ 68%]
tests/services/test_rutas.py::test_listar_rutas_filtra_por_estado ERROR  [ 68%]
tests/services/test_rutas.py::test_actualizar_ruta ERROR                 [ 68%]
tests/services/test_rutas.py::test_actualizar_ruta_sin_usuario_autorizado_falla ERROR [ 69%]
tests/services/test_rutas.py::test_actualizar_ruta_inexistente ERROR     [ 69%]
tests/services/test_rutas.py::test_actualizar_ruta_no_permite_vaciar_nombre ERROR [ 69%]
tests/services/test_rutas.py::test_actualizar_ruta_nombre_duplicado ERROR [ 69%]
tests/services/test_rutas.py::test_actualizar_ruta_permite_conservar_su_propio_nombre ERROR [ 69%]
tests/services/test_rutas.py::test_eliminar_ruta_siempre_falla_para_proteger_integridad ERROR [ 69%]
tests/services/test_rutas.py::test_eliminar_ruta_sin_usuario_autorizado_falla ERROR [ 69%]
tests/services/test_rutas.py::test_cambiar_estado_ruta_desactiva ERROR   [ 69%]
tests/services/test_rutas.py::test_cambiar_estado_ruta_estado_invalido ERROR [ 69%]
tests/services/test_rutas.py::test_cambiar_estado_ruta_inexistente ERROR [ 70%]
tests/services/test_rutas.py::test_cambiar_estado_ruta_sin_usuario_autorizado_falla ERROR [ 70%]
tests/services/test_rutas.py::test_crear_ruta_con_zona ERROR             [ 70%]
tests/services/test_rutas.py::test_crear_ruta_requiere_zona ERROR        [ 70%]
tests/services/test_rutas.py::test_crear_ruta_zona_con_menos_de_3_vertices_falla ERROR [ 70%]
tests/services/test_rutas.py::test_crear_ruta_zona_json_invalido_falla ERROR [ 70%]
tests/services/test_rutas.py::test_crear_ruta_zona_vertice_latitud_fuera_de_rango_falla ERROR [ 70%]
tests/services/test_rutas.py::test_crear_ruta_zona_vertice_longitud_fuera_de_rango_falla ERROR [ 70%]
tests/services/test_rutas.py::test_actualizar_ruta_cambia_zona ERROR     [ 70%]
tests/services/test_rutas.py::test_actualizar_ruta_no_permite_vaciar_zona ERROR [ 71%]
tests/services/test_rutas.py::test_actualizar_ruta_conserva_zona_existente_al_editar_otro_campo ERROR [ 71%]
tests/services/test_rutas.py::test_contiene_punto_dentro_de_la_zona ERROR [ 71%]
tests/services/test_rutas.py::test_contiene_punto_fuera_de_la_zona ERROR [ 71%]
tests/services/test_rutas.py::test_contiene_punto_sin_zona_devuelve_false ERROR [ 71%]
tests/services/test_rutas.py::test_sugerir_ruta_por_ubicacion_encuentra_la_zona_correcta ERROR [ 71%]
tests/services/test_rutas.py::test_sugerir_ruta_por_ubicacion_sin_zona_que_contenga_el_punto ERROR [ 71%]
tests/services/test_rutas.py::test_sugerir_ruta_por_ubicacion_ignora_rutas_inactivas ERROR [ 71%]
tests/services/test_rutas.py::test_sugerir_ruta_por_ubicacion_sin_usuario_autorizado_falla ERROR [ 72%]
tests/services/test_tasas.py::test_registrar_tasa ERROR                  [ 72%]
tests/services/test_tasas.py::test_registrar_tasa_sin_usuario_autorizado_falla ERROR [ 72%]
tests/services/test_tasas.py::test_registrar_tasa_bcv_invalida ERROR     [ 72%]
tests/services/test_tasas.py::test_registrar_tasa_bcv_negativa ERROR     [ 72%]
tests/services/test_tasas.py::test_registrar_tasa_paralelo_negativa ERROR [ 72%]
tests/services/test_tasas.py::test_registrar_tasa_cop_negativa ERROR     [ 72%]
tests/services/test_tasas.py::test_obtener_tasa_actual_sin_tasas ERROR   [ 72%]
tests/services/test_tasas.py::test_obtener_tasa_actual_sin_usuario_autorizado_falla ERROR [ 72%]
tests/services/test_tasas.py::test_obtener_tasa_actual_sin_tasa_anterior ERROR [ 73%]
tests/services/test_tasas.py::test_obtener_tasa_actual_calcula_porcentaje_vs_ayer ERROR [ 73%]
tests/services/test_tasas.py::test_obtener_tasa_actual_no_calcula_porcentaje_si_hueco_de_varios_dias ERROR [ 73%]
tests/services/test_tasas.py::test_obtener_tasa_actual_devuelve_la_mas_reciente ERROR [ 73%]
tests/services/test_tasas.py::test_obtener_historico_tasas_orden_cronologico_ascendente ERROR [ 73%]
tests/services/test_tasas.py::test_obtener_historico_tasas_sin_usuario_autorizado_falla ERROR [ 73%]
tests/services/test_tasas.py::test_obtener_historico_tasas_respeta_limite ERROR [ 73%]
tests/services/test_tasas.py::test_obtener_historico_tasas_calcula_brecha ERROR [ 73%]
tests/services/test_tasas.py::test_obtener_historico_tasas_sin_paralelo_brecha_none ERROR [ 73%]
tests/services/test_tesoreria.py::test_crear_banco_y_listar ERROR        [ 74%]
tests/services/test_tesoreria.py::test_listar_bancos_sin_usuario_autorizado_falla ERROR [ 74%]
tests/services/test_tesoreria.py::test_crear_banco_sin_usuario_autorizado_falla ERROR [ 74%]
tests/services/test_tesoreria.py::test_actualizar_banco_inexistente ERROR [ 74%]
tests/services/test_tesoreria.py::test_eliminar_banco_siempre_falla_para_proteger_integridad ERROR [ 74%]
tests/services/test_tesoreria.py::test_cambiar_estado_banco_desactiva ERROR [ 74%]
tests/services/test_tesoreria.py::test_cambiar_estado_banco_estado_invalido ERROR [ 74%]
tests/services/test_tesoreria.py::test_cambiar_estado_banco_inexistente ERROR [ 74%]
tests/services/test_tesoreria.py::test_cambiar_estado_banco_sin_usuario_autorizado_falla ERROR [ 75%]
tests/services/test_tesoreria.py::test_crear_cuenta_banco_inexistente ERROR [ 75%]
tests/services/test_tesoreria.py::test_crear_cuenta_ok ERROR             [ 75%]
tests/services/test_tesoreria.py::test_crear_cuenta_banco_inactivo_falla ERROR [ 75%]
tests/services/test_tesoreria.py::test_actualizar_cuenta_inexistente ERROR [ 75%]
tests/services/test_tesoreria.py::test_eliminar_cuenta_siempre_falla_para_proteger_integridad ERROR [ 75%]
tests/services/test_tesoreria.py::test_cambiar_estado_cuenta_desactiva ERROR [ 75%]
tests/services/test_tesoreria.py::test_cambiar_estado_cuenta_estado_invalido ERROR [ 75%]
tests/services/test_tesoreria.py::test_cambiar_estado_cuenta_inexistente ERROR [ 75%]
tests/services/test_tesoreria.py::test_cambiar_estado_cuenta_sin_usuario_autorizado_falla ERROR [ 76%]
tests/services/test_tesoreria.py::test_obtener_resumen_cuentas_enmascara_numero ERROR [ 76%]
tests/services/test_tesoreria.py::test_obtener_movimientos_tipo_invalido ERROR [ 76%]
tests/services/test_tesoreria.py::test_obtener_movimientos_sin_usuario_autorizado_falla ERROR [ 76%]
tests/services/test_tesoreria.py::test_listar_cajas ERROR                [ 76%]
tests/services/test_tesoreria.py::test_listar_cajas_sin_usuario_autorizado_falla ERROR [ 76%]
tests/services/test_tesoreria.py::test_abrir_caja ERROR                  [ 76%]
tests/services/test_tesoreria.py::test_abrir_caja_sin_usuario_autorizado_falla ERROR [ 76%]
tests/services/test_tesoreria.py::test_abrir_caja_inexistente ERROR      [ 76%]
tests/services/test_tesoreria.py::test_abrir_caja_ya_abierta ERROR       [ 77%]
tests/services/test_tesoreria.py::test_abrir_caja_usuario_no_admin_falla ERROR [ 77%]
tests/services/test_tesoreria.py::test_cerrar_caja_usuario_no_admin_falla ERROR [ 77%]
tests/services/test_tesoreria.py::test_cerrar_caja_sin_turno_abierto ERROR [ 77%]
tests/services/test_tesoreria.py::test_cerrar_caja_sin_usuario_autorizado_falla ERROR [ 77%]
tests/services/test_tesoreria.py::test_cerrar_caja_calcula_saldo_con_movimientos ERROR [ 77%]
tests/services/test_tesoreria.py::test_registrar_movimiento_manual_sin_usuario_autorizado_falla ERROR [ 77%]
tests/services/test_tesoreria.py::test_registrar_movimiento_manual_tipo_invalido ERROR [ 77%]
tests/services/test_tesoreria.py::test_registrar_movimiento_manual_monto_invalido ERROR [ 78%]
tests/services/test_tesoreria.py::test_registrar_movimiento_manual_caja_sin_turno ERROR [ 78%]
tests/services/test_tesoreria.py::test_obtener_estado_cajas ERROR        [ 78%]
tests/services/test_tesoreria.py::test_obtener_estado_cajas_sin_usuario_autorizado_falla ERROR [ 78%]
tests/services/test_usuarios.py::test_crear_usuario ERROR                [ 78%]
tests/services/test_usuarios.py::test_crear_usuario_sin_usuario_autorizado_falla ERROR [ 78%]
tests/services/test_usuarios.py::test_crear_usuario_requiere_nombre_usuario ERROR [ 78%]
tests/services/test_usuarios.py::test_crear_usuario_requiere_clave ERROR [ 78%]
tests/services/test_usuarios.py::test_crear_usuario_requiere_email ERROR [ 78%]
tests/services/test_usuarios.py::test_crear_usuario_nombre_duplicado ERROR [ 79%]
tests/services/test_usuarios.py::test_crear_usuario_email_duplicado ERROR [ 79%]
tests/services/test_usuarios.py::test_crear_usuario_nombre_usuario_muy_largo ERROR [ 79%]
tests/services/test_usuarios.py::test_crear_usuario_vincula_vendedor_si_rol_es_vendedor ERROR [ 79%]
tests/services/test_usuarios.py::test_crear_usuario_no_vincula_vendedor_si_rol_no_es_vendedor ERROR [ 79%]
tests/services/test_usuarios.py::test_crear_usuario_rechaza_clave_debil ERROR [ 79%]
tests/services/test_usuarios.py::test_crear_usuario_rol_vendedor_pero_vendedor_inexistente ERROR [ 79%]
tests/services/test_usuarios.py::test_crear_usuario_vendedor_ya_vinculado_a_otro_usuario_falla ERROR [ 79%]
tests/services/test_usuarios.py::test_editar_usuario_inexistente ERROR   [ 80%]
tests/services/test_usuarios.py::test_editar_usuario_sin_usuario_autorizado_falla ERROR [ 80%]
tests/services/test_usuarios.py::test_editar_usuario_actualiza_campos ERROR [ 80%]
tests/services/test_usuarios.py::test_editar_usuario_no_permite_vaciar_email ERROR [ 80%]
tests/services/test_usuarios.py::test_editar_usuario_ignora_clave_en_datos ERROR [ 80%]
tests/services/test_usuarios.py::test_editar_usuario_nueva_clave_la_hashea ERROR [ 80%]
tests/services/test_usuarios.py::test_editar_usuario_rechaza_clave_debil ERROR [ 80%]
tests/services/test_usuarios.py::test_editar_usuario_nombre_usuario_duplicado ERROR [ 80%]
tests/services/test_usuarios.py::test_editar_usuario_mismo_nombre_usuario_no_falla ERROR [ 80%]
tests/services/test_usuarios.py::test_editar_usuario_email_duplicado ERROR [ 81%]
tests/services/test_usuarios.py::test_editar_usuario_mismo_email_no_falla ERROR [ 81%]
tests/services/test_usuarios.py::test_cambiar_estado_invalido ERROR      [ 81%]
tests/services/test_usuarios.py::test_cambiar_estado_sin_usuario_autorizado_falla ERROR [ 81%]
tests/services/test_usuarios.py::test_cambiar_estado_usuario_inexistente ERROR [ 81%]
tests/services/test_usuarios.py::test_cambiar_estado_ok ERROR            [ 81%]
tests/services/test_usuarios.py::test_cambiar_estado_no_permite_auto_desactivarse ERROR [ 81%]
tests/services/test_usuarios.py::test_cambiar_estado_no_permite_desactivar_al_unico_admin_activo ERROR [ 81%]
tests/services/test_usuarios.py::test_cambiar_estado_permite_desactivar_admin_si_hay_otro_activo ERROR [ 81%]
tests/services/test_usuarios.py::test_desbloquear_usuario_limpia_bloqueo_e_intentos ERROR [ 82%]
tests/services/test_usuarios.py::test_desbloquear_usuario_sin_usuario_autorizado_falla ERROR [ 82%]
tests/services/test_usuarios.py::test_desbloquear_usuario_inexistente ERROR [ 82%]
tests/services/test_usuarios.py::test_listar_usuarios_filtra_por_texto ERROR [ 82%]
tests/services/test_usuarios.py::test_listar_usuarios_sin_usuario_autorizado_falla ERROR [ 82%]
tests/services/test_usuarios.py::test_listar_usuarios_filtra_por_rol ERROR [ 82%]
tests/services/test_usuarios.py::test_listar_usuarios_filtra_por_estado ERROR [ 82%]
tests/services/test_usuarios.py::test_listar_usuarios_nombre_completo ERROR [ 82%]
tests/services/test_usuarios.py::test_verificar_permiso_usuario_inexistente ERROR [ 83%]
tests/services/test_usuarios.py::test_verificar_permiso_usuario_sin_rol ERROR [ 83%]
tests/services/test_usuarios.py::test_verificar_permiso_concedido ERROR  [ 83%]
tests/services/test_usuarios.py::test_verificar_permiso_no_concedido ERROR [ 83%]
tests/services/test_usuarios.py::test_verificar_permiso_usuario_inactivo_es_false_aunque_tenga_el_permiso ERROR [ 83%]
tests/services/test_usuarios.py::test_verificar_permiso_usuario_bloqueado_es_false_aunque_tenga_el_permiso ERROR [ 83%]
tests/services/test_usuarios.py::test_verificar_permiso_admin_bypassa_sin_filas_en_rol_permisos ERROR [ 83%]
tests/services/test_vendedores.py::test_crear_vendedor ERROR             [ 83%]
tests/services/test_vendedores.py::test_crear_vendedor_sin_usuario_autorizado_falla ERROR [ 83%]
tests/services/test_vendedores.py::test_crear_vendedor_requiere_nombre ERROR [ 84%]
tests/services/test_vendedores.py::test_crear_vendedor_codigo_duplicado ERROR [ 84%]
tests/services/test_vendedores.py::test_crear_vendedor_identificacion_duplicada ERROR [ 84%]
tests/services/test_vendedores.py::test_crear_vendedor_requiere_codigo ERROR [ 84%]
tests/services/test_vendedores.py::test_crear_vendedor_requiere_identificacion ERROR [ 84%]
tests/services/test_vendedores.py::test_crear_vendedor_requiere_ruta ERROR [ 84%]
tests/services/test_vendedores.py::test_crear_vendedor_ruta_inexistente_falla ERROR [ 84%]
tests/services/test_vendedores.py::test_crear_vendedor_ruta_inactiva_falla ERROR [ 84%]
tests/services/test_vendedores.py::test_crear_vendedor_meta_activacion_opcional ERROR [ 84%]
tests/services/test_vendedores.py::test_crear_vendedor_con_meta_activacion ERROR [ 85%]
tests/services/test_vendedores.py::test_crear_vendedor_meta_activacion_cero_falla ERROR [ 85%]
tests/services/test_vendedores.py::test_crear_vendedor_meta_activacion_negativa_falla ERROR [ 85%]
tests/services/test_vendedores.py::test_actualizar_vendedor_meta_activacion ERROR [ 85%]
tests/services/test_vendedores.py::test_actualizar_vendedor_meta_activacion_invalida_falla ERROR [ 85%]
tests/services/test_vendedores.py::test_actualizar_vendedor_no_permite_vaciar_ruta ERROR [ 85%]
tests/services/test_vendedores.py::test_actualizar_vendedor_ruta_inactiva_falla ERROR [ 85%]
tests/services/test_vendedores.py::test_obtener_vendedor ERROR           [ 85%]
tests/services/test_vendedores.py::test_obtener_vendedor_inexistente ERROR [ 86%]
tests/services/test_vendedores.py::test_obtener_vendedor_sin_usuario_autorizado_falla ERROR [ 86%]
tests/services/test_vendedores.py::test_listar_vendedores_filtra_por_texto ERROR [ 86%]
tests/services/test_vendedores.py::test_listar_vendedores_sin_usuario_autorizado_falla ERROR [ 86%]
tests/services/test_vendedores.py::test_listar_vendedores_pagina_resultados ERROR [ 86%]
tests/services/test_vendedores.py::test_listar_vendedores_filtra_por_estado ERROR [ 86%]
tests/services/test_vendedores.py::test_actualizar_vendedor ERROR        [ 86%]
tests/services/test_vendedores.py::test_actualizar_vendedor_sin_usuario_autorizado_falla ERROR [ 86%]
tests/services/test_vendedores.py::test_actualizar_vendedor_inexistente ERROR [ 86%]
tests/services/test_vendedores.py::test_actualizar_vendedor_no_permite_vaciar_nombre ERROR [ 87%]
tests/services/test_vendedores.py::test_actualizar_vendedor_no_permite_vaciar_codigo ERROR [ 87%]
tests/services/test_vendedores.py::test_actualizar_vendedor_no_permite_vaciar_identificacion ERROR [ 87%]
tests/services/test_vendedores.py::test_actualizar_vendedor_codigo_duplicado ERROR [ 87%]
tests/services/test_vendedores.py::test_actualizar_vendedor_identificacion_duplicada ERROR [ 87%]
tests/services/test_vendedores.py::test_actualizar_vendedor_permite_conservar_su_propio_codigo ERROR [ 87%]
tests/services/test_vendedores.py::test_eliminar_vendedor_siempre_falla_para_proteger_integridad ERROR [ 87%]
tests/services/test_vendedores.py::test_eliminar_vendedor_sin_usuario_autorizado_falla ERROR [ 87%]
tests/services/test_vendedores.py::test_cambiar_estado_vendedor_desactiva ERROR [ 87%]
tests/services/test_vendedores.py::test_cambiar_estado_vendedor_estado_invalido ERROR [ 88%]
tests/services/test_vendedores.py::test_cambiar_estado_vendedor_inexistente ERROR [ 88%]
tests/services/test_vendedores.py::test_cambiar_estado_vendedor_sin_usuario_autorizado_falla ERROR [ 88%]
tests/services/test_vendedores.py::test_desempeno_mes_vendedor_inexistente ERROR [ 88%]
tests/services/test_vendedores.py::test_desempeno_mes_sin_usuario_autorizado_falla ERROR [ 88%]
tests/services/test_vendedores.py::test_desempeno_mes_suma_ventas_y_excluye_anuladas ERROR [ 88%]
tests/services/test_vendedores.py::test_desempeno_mes_sin_ventas_en_el_periodo ERROR [ 88%]
tests/services/test_ventas.py::test_emitir_factura_contado_descuenta_stock_y_calcula_total ERROR [ 88%]
tests/services/test_ventas.py::test_emitir_factura_sin_usuario_autorizado_falla ERROR [ 89%]
tests/services/test_ventas.py::test_emitir_factura_contado_sin_permiso_pagos_falla ERROR [ 89%]
tests/services/test_ventas.py::test_emitir_factura_contado_abre_y_liquida_cuenta_por_cobrar_con_un_pago ERROR [ 89%]
tests/services/test_ventas.py::test_emitir_factura_contado_multiples_formas_de_pago_multimoneda ERROR [ 89%]
tests/services/test_ventas.py::test_emitir_factura_contado_pago_insuficiente_falla_y_no_deja_nada ERROR [ 89%]
tests/services/test_ventas.py::test_emitir_factura_contado_sin_pagos_falla ERROR [ 89%]
tests/services/test_ventas.py::test_emitir_factura_contado_pago_con_caja_sin_turno_abierto_falla ERROR [ 89%]
tests/services/test_ventas.py::test_emitir_factura_credito_no_admite_pagos ERROR [ 89%]
tests/services/test_ventas.py::test_emitir_factura_credito_abre_cuenta_por_cobrar ERROR [ 89%]
tests/services/test_ventas.py::test_emitir_factura_credito_excede_limite ERROR [ 90%]
tests/services/test_ventas.py::test_emitir_factura_credito_acumula_deuda_de_facturas_previas ERROR [ 90%]
tests/services/test_ventas.py::test_emitir_factura_stock_insuficiente ERROR [ 90%]
tests/services/test_ventas.py::test_emitir_factura_cliente_inactivo_falla ERROR [ 90%]
tests/services/test_ventas.py::test_emitir_factura_vendedor_inactivo_falla ERROR [ 90%]
tests/services/test_ventas.py::test_emitir_factura_vendedor_inexistente_falla ERROR [ 90%]
tests/services/test_ventas.py::test_emitir_factura_producto_inactivo_falla ERROR [ 90%]
tests/services/test_ventas.py::test_emitir_factura_producto_inexistente_falla ERROR [ 90%]
tests/services/test_ventas.py::test_emitir_factura_agrupa_items_repetidos_para_validar_stock ERROR [ 90%]
tests/services/test_ventas.py::test_emitir_factura_bloquea_stock_con_updlock_rowlock_concurrente ERROR [ 91%]
tests/services/test_ventas.py::test_emitir_factura_sin_items ERROR       [ 91%]
tests/services/test_ventas.py::test_emitir_factura_observaciones_supera_255_caracteres_falla ERROR [ 91%]
tests/services/test_ventas.py::test_emitir_factura_condicion_pago_invalida ERROR [ 91%]
tests/services/test_ventas.py::test_emitir_factura_cliente_inexistente ERROR [ 91%]
tests/services/test_ventas.py::test_anular_factura_contado_repone_stock ERROR [ 91%]
tests/services/test_ventas.py::test_anular_factura_sin_usuario_autorizado_falla ERROR [ 91%]
tests/services/test_ventas.py::test_anular_factura_credito_repone_stock_y_cierra_cxc ERROR [ 91%]
tests/services/test_ventas.py::test_anular_factura_con_pago_aplicado_genera_nota_de_credito ERROR [ 92%]
tests/services/test_ventas.py::test_anular_factura_con_comision_pendiente_borra_comision_y_anula ERROR [ 92%]
tests/services/test_ventas.py::test_anular_factura_con_comision_pagada_bloqueada ERROR [ 92%]
tests/services/test_ventas.py::test_emitir_factura_con_vendedor_calcula_comision_sobre_diferencia ERROR [ 92%]
tests/services/test_ventas.py::test_emitir_factura_precio_igual_al_de_lista_comision_cero ERROR [ 92%]
tests/services/test_ventas.py::test_emitir_factura_precio_menor_al_de_lista_requiere_autorizacion_y_comision_cero ERROR [ 92%]
tests/services/test_ventas.py::test_emitir_factura_precio_menor_al_de_lista_sin_autorizacion_falla ERROR [ 92%]
tests/services/test_ventas.py::test_emitir_factura_precio_menor_al_de_lista_autorizador_sin_permiso_falla ERROR [ 92%]
tests/services/test_ventas.py::test_emitir_factura_sin_precio_de_lista_falla ERROR [ 92%]
tests/services/test_ventas.py::test_emitir_factura_sin_vendedor_falla ERROR [ 93%]
tests/services/test_ventas.py::test_anular_factura_sin_motivo ERROR      [ 93%]
tests/services/test_ventas.py::test_anular_factura_ya_anulada ERROR      [ 93%]
tests/services/test_ventas.py::test_listar_facturas_filtra_por_cliente ERROR [ 93%]
tests/services/test_ventas.py::test_listar_facturas_sin_usuario_autorizado_falla ERROR [ 93%]
tests/services/test_ventas.py::test_listar_facturas_filtra_por_numero_parcial ERROR [ 93%]
tests/services/test_ventas.py::test_listar_facturas_texto_busqueda_matchea_numero_cliente_o_vendedor ERROR [ 93%]
tests/services/test_ventas.py::test_listar_facturas_filtra_por_estado_vencida ERROR [ 93%]
tests/services/test_ventas.py::test_listar_facturas_filtra_por_estado_pagada ERROR [ 93%]
tests/services/test_ventas.py::test_obtener_factura_incluye_detalles ERROR [ 94%]
tests/services/test_ventas.py::test_obtener_factura_credito_recien_emitida_estado_visual_emitida ERROR [ 94%]
tests/services/test_ventas.py::test_obtener_factura_credito_pago_parcial_estado_visual_parcial ERROR [ 94%]
tests/services/test_ventas.py::test_obtener_factura_credito_vencida_estado_visual_vencida ERROR [ 94%]
tests/services/test_ventas.py::test_obtener_factura_anulada_estado_visual_anulada ERROR [ 94%]
tests/services/test_ventas.py::test_obtener_factura_inexistente_falla ERROR [ 94%]
tests/services/test_ventas.py::test_obtener_factura_sin_usuario_autorizado_falla ERROR [ 94%]
tests/services/test_ventas.py::test_emitir_factura_numero_control_correlativo_unico ERROR [ 94%]
tests/services/test_ventas.py::test_emitir_factura_sin_config_empresa_no_calcula_iva ERROR [ 95%]
tests/services/test_ventas.py::test_emitir_factura_con_iva_activo_calcula_monto_y_snapshot ERROR [ 95%]
tests/services/test_ventas.py::test_emitir_factura_con_iva_desactivado_no_calcula_iva_aunque_haya_config ERROR [ 95%]
tests/services/test_ventas.py::test_emitir_factura_credito_con_iva_suma_iva_a_cuenta_por_cobrar ERROR [ 95%]
tests/services/test_ventas.py::test_emitir_factura_credito_con_iva_valida_limite_credito_incluyendo_iva ERROR [ 95%]
tests/services/test_ventas.py::test_emitir_factura_monto_descuento_sin_autorizacion_falla ERROR [ 95%]
tests/services/test_ventas.py::test_emitir_factura_monto_descuento_autorizado_resta_del_total ERROR [ 95%]
tests/services/test_ventas.py::test_emitir_factura_monto_descuento_mayor_al_subtotal_falla ERROR [ 95%]
tests/services/test_ventas.py::test_emitir_factura_monto_descuento_negativo_falla ERROR [ 95%]
tests/services/test_ventas.py::test_emitir_factura_credito_con_descuento_y_iva_ajusta_cuenta_por_cobrar ERROR [ 96%]
tests/services/test_ventas.py::test_emitir_factura_credito_cliente_sin_dias_credito_falla ERROR [ 96%]
tests/services/test_ventas.py::test_emitir_factura_credito_usa_dias_configurados_por_defecto ERROR [ 96%]
tests/services/test_ventas.py::test_emitir_factura_credito_dias_personalizados_sin_autorizacion_falla ERROR [ 96%]
tests/services/test_ventas.py::test_emitir_factura_credito_dias_personalizados_autorizado_ok ERROR [ 96%]
tests/services/test_ventas.py::test_emitir_factura_credito_dias_personalizados_sin_permiso_falla ERROR [ 96%]
[...]
ERROR tests/services/test_tasas.py::test_obtener_tasa_actual_calcula_porcentaje_vs_ayer
ERROR tests/services/test_tasas.py::test_obtener_tasa_actual_no_calcula_porcentaje_si_hueco_de_varios_dias
ERROR tests/services/test_tasas.py::test_obtener_tasa_actual_devuelve_la_mas_reciente
ERROR tests/services/test_tasas.py::test_obtener_historico_tasas_orden_cronologico_ascendente
ERROR tests/services/test_tasas.py::test_obtener_historico_tasas_sin_usuario_autorizado_falla
ERROR tests/services/test_tasas.py::test_obtener_historico_tasas_respeta_limite
ERROR tests/services/test_tasas.py::test_obtener_historico_tasas_calcula_brecha
ERROR tests/services/test_tasas.py::test_obtener_historico_tasas_sin_paralelo_brecha_none
ERROR tests/services/test_tesoreria.py::test_crear_banco_y_listar - pyodbc.Op...
ERROR tests/services/test_tesoreria.py::test_listar_bancos_sin_usuario_autorizado_falla
ERROR tests/services/test_tesoreria.py::test_crear_banco_sin_usuario_autorizado_falla
ERROR tests/services/test_tesoreria.py::test_actualizar_banco_inexistente - p...
ERROR tests/services/test_tesoreria.py::test_eliminar_banco_siempre_falla_para_proteger_integridad
ERROR tests/services/test_tesoreria.py::test_cambiar_estado_banco_desactiva
ERROR tests/services/test_tesoreria.py::test_cambiar_estado_banco_estado_invalido
ERROR tests/services/test_tesoreria.py::test_cambiar_estado_banco_inexistente
ERROR tests/services/test_tesoreria.py::test_cambiar_estado_banco_sin_usuario_autorizado_falla
ERROR tests/services/test_tesoreria.py::test_crear_cuenta_banco_inexistente
ERROR tests/services/test_tesoreria.py::test_crear_cuenta_ok - pyodbc.Operati...
ERROR tests/services/test_tesoreria.py::test_crear_cuenta_banco_inactivo_falla
ERROR tests/services/test_tesoreria.py::test_actualizar_cuenta_inexistente - ...
ERROR tests/services/test_tesoreria.py::test_eliminar_cuenta_siempre_falla_para_proteger_integridad
ERROR tests/services/test_tesoreria.py::test_cambiar_estado_cuenta_desactiva
ERROR tests/services/test_tesoreria.py::test_cambiar_estado_cuenta_estado_invalido
ERROR tests/services/test_tesoreria.py::test_cambiar_estado_cuenta_inexistente
ERROR tests/services/test_tesoreria.py::test_cambiar_estado_cuenta_sin_usuario_autorizado_falla
ERROR tests/services/test_tesoreria.py::test_obtener_resumen_cuentas_enmascara_numero
ERROR tests/services/test_tesoreria.py::test_obtener_movimientos_tipo_invalido
ERROR tests/services/test_tesoreria.py::test_obtener_movimientos_sin_usuario_autorizado_falla
ERROR tests/services/test_tesoreria.py::test_listar_cajas - pyodbc.Operationa...
ERROR tests/services/test_tesoreria.py::test_listar_cajas_sin_usuario_autorizado_falla
ERROR tests/services/test_tesoreria.py::test_abrir_caja - pyodbc.OperationalE...
ERROR tests/services/test_tesoreria.py::test_abrir_caja_sin_usuario_autorizado_falla
ERROR tests/services/test_tesoreria.py::test_abrir_caja_inexistente - pyodbc....
ERROR tests/services/test_tesoreria.py::test_abrir_caja_ya_abierta - pyodbc.O...
ERROR tests/services/test_tesoreria.py::test_abrir_caja_usuario_no_admin_falla
ERROR tests/services/test_tesoreria.py::test_cerrar_caja_usuario_no_admin_falla
ERROR tests/services/test_tesoreria.py::test_cerrar_caja_sin_turno_abierto - ...
ERROR tests/services/test_tesoreria.py::test_cerrar_caja_sin_usuario_autorizado_falla
ERROR tests/services/test_tesoreria.py::test_cerrar_caja_calcula_saldo_con_movimientos
ERROR tests/services/test_tesoreria.py::test_registrar_movimiento_manual_sin_usuario_autorizado_falla
ERROR tests/services/test_tesoreria.py::test_registrar_movimiento_manual_tipo_invalido
ERROR tests/services/test_tesoreria.py::test_registrar_movimiento_manual_monto_invalido
ERROR tests/services/test_tesoreria.py::test_registrar_movimiento_manual_caja_sin_turno
ERROR tests/services/test_tesoreria.py::test_obtener_estado_cajas - pyodbc.Op...
ERROR tests/services/test_tesoreria.py::test_obtener_estado_cajas_sin_usuario_autorizado_falla
ERROR tests/services/test_usuarios.py::test_crear_usuario - pyodbc.Operationa...
ERROR tests/services/test_usuarios.py::test_crear_usuario_sin_usuario_autorizado_falla
ERROR tests/services/test_usuarios.py::test_crear_usuario_requiere_nombre_usuario
ERROR tests/services/test_usuarios.py::test_crear_usuario_requiere_clave - py...
ERROR tests/services/test_usuarios.py::test_crear_usuario_requiere_email - py...
ERROR tests/services/test_usuarios.py::test_crear_usuario_nombre_duplicado - ...
ERROR tests/services/test_usuarios.py::test_crear_usuario_email_duplicado - p...
ERROR tests/services/test_usuarios.py::test_crear_usuario_nombre_usuario_muy_largo
ERROR tests/services/test_usuarios.py::test_crear_usuario_vincula_vendedor_si_rol_es_vendedor
ERROR tests/services/test_usuarios.py::test_crear_usuario_no_vincula_vendedor_si_rol_no_es_vendedor
ERROR tests/services/test_usuarios.py::test_crear_usuario_rechaza_clave_debil
ERROR tests/services/test_usuarios.py::test_crear_usuario_rol_vendedor_pero_vendedor_inexistente
ERROR tests/services/test_usuarios.py::test_crear_usuario_vendedor_ya_vinculado_a_otro_usuario_falla
ERROR tests/services/test_usuarios.py::test_editar_usuario_inexistente - pyod...
ERROR tests/services/test_usuarios.py::test_editar_usuario_sin_usuario_autorizado_falla
ERROR tests/services/test_usuarios.py::test_editar_usuario_actualiza_campos
ERROR tests/services/test_usuarios.py::test_editar_usuario_no_permite_vaciar_email
ERROR tests/services/test_usuarios.py::test_editar_usuario_ignora_clave_en_datos
ERROR tests/services/test_usuarios.py::test_editar_usuario_nueva_clave_la_hashea
ERROR tests/services/test_usuarios.py::test_editar_usuario_rechaza_clave_debil
ERROR tests/services/test_usuarios.py::test_editar_usuario_nombre_usuario_duplicado
ERROR tests/services/test_usuarios.py::test_editar_usuario_mismo_nombre_usuario_no_falla
ERROR tests/services/test_usuarios.py::test_editar_usuario_email_duplicado - ...
ERROR tests/services/test_usuarios.py::test_editar_usuario_mismo_email_no_falla
ERROR tests/services/test_usuarios.py::test_cambiar_estado_invalido - pyodbc....
ERROR tests/services/test_usuarios.py::test_cambiar_estado_sin_usuario_autorizado_falla
ERROR tests/services/test_usuarios.py::test_cambiar_estado_usuario_inexistente
ERROR tests/services/test_usuarios.py::test_cambiar_estado_ok - pyodbc.Operat...
ERROR tests/services/test_usuarios.py::test_cambiar_estado_no_permite_auto_desactivarse
ERROR tests/services/test_usuarios.py::test_cambiar_estado_no_permite_desactivar_al_unico_admin_activo
ERROR tests/services/test_usuarios.py::test_cambiar_estado_permite_desactivar_admin_si_hay_otro_activo
ERROR tests/services/test_usuarios.py::test_desbloquear_usuario_limpia_bloqueo_e_intentos
ERROR tests/services/test_usuarios.py::test_desbloquear_usuario_sin_usuario_autorizado_falla
ERROR tests/services/test_usuarios.py::test_desbloquear_usuario_inexistente
ERROR tests/services/test_usuarios.py::test_listar_usuarios_filtra_por_texto
ERROR tests/services/test_usuarios.py::test_listar_usuarios_sin_usuario_autorizado_falla
ERROR tests/services/test_usuarios.py::test_listar_usuarios_filtra_por_rol - ...
ERROR tests/services/test_usuarios.py::test_listar_usuarios_filtra_por_estado
ERROR tests/services/test_usuarios.py::test_listar_usuarios_nombre_completo
ERROR tests/services/test_usuarios.py::test_verificar_permiso_usuario_inexistente
ERROR tests/services/test_usuarios.py::test_verificar_permiso_usuario_sin_rol
ERROR tests/services/test_usuarios.py::test_verificar_permiso_concedido - pyo...
ERROR tests/services/test_usuarios.py::test_verificar_permiso_no_concedido - ...
ERROR tests/services/test_usuarios.py::test_verificar_permiso_usuario_inactivo_es_false_aunque_tenga_el_permiso
ERROR tests/services/test_usuarios.py::test_verificar_permiso_usuario_bloqueado_es_false_aunque_tenga_el_permiso
ERROR tests/services/test_usuarios.py::test_verificar_permiso_admin_bypassa_sin_filas_en_rol_permisos
ERROR tests/services/test_vendedores.py::test_crear_vendedor - pyodbc.Operati...
ERROR tests/services/test_vendedores.py::test_crear_vendedor_sin_usuario_autorizado_falla
ERROR tests/services/test_vendedores.py::test_crear_vendedor_requiere_nombre
ERROR tests/services/test_vendedores.py::test_crear_vendedor_codigo_duplicado
ERROR tests/services/test_vendedores.py::test_crear_vendedor_identificacion_duplicada
ERROR tests/services/test_vendedores.py::test_crear_vendedor_requiere_codigo
ERROR tests/services/test_vendedores.py::test_crear_vendedor_requiere_identificacion
ERROR tests/services/test_vendedores.py::test_crear_vendedor_requiere_ruta - ...
ERROR tests/services/test_vendedores.py::test_crear_vendedor_ruta_inexistente_falla
ERROR tests/services/test_vendedores.py::test_crear_vendedor_ruta_inactiva_falla
ERROR tests/services/test_vendedores.py::test_crear_vendedor_meta_activacion_opcional
ERROR tests/services/test_vendedores.py::test_crear_vendedor_con_meta_activacion
ERROR tests/services/test_vendedores.py::test_crear_vendedor_meta_activacion_cero_falla
ERROR tests/services/test_vendedores.py::test_crear_vendedor_meta_activacion_negativa_falla
ERROR tests/services/test_vendedores.py::test_actualizar_vendedor_meta_activacion
ERROR tests/services/test_vendedores.py::test_actualizar_vendedor_meta_activacion_invalida_falla
ERROR tests/services/test_vendedores.py::test_actualizar_vendedor_no_permite_vaciar_ruta
ERROR tests/services/test_vendedores.py::test_actualizar_vendedor_ruta_inactiva_falla
ERROR tests/services/test_vendedores.py::test_obtener_vendedor - pyodbc.Opera...
ERROR tests/services/test_vendedores.py::test_obtener_vendedor_inexistente - ...
ERROR tests/services/test_vendedores.py::test_obtener_vendedor_sin_usuario_autorizado_falla
ERROR tests/services/test_vendedores.py::test_listar_vendedores_filtra_por_texto
ERROR tests/services/test_vendedores.py::test_listar_vendedores_sin_usuario_autorizado_falla
ERROR tests/services/test_vendedores.py::test_listar_vendedores_pagina_resultados
ERROR tests/services/test_vendedores.py::test_listar_vendedores_filtra_por_estado
ERROR tests/services/test_vendedores.py::test_actualizar_vendedor - pyodbc.Op...
ERROR tests/services/test_vendedores.py::test_actualizar_vendedor_sin_usuario_autorizado_falla
ERROR tests/services/test_vendedores.py::test_actualizar_vendedor_inexistente
ERROR tests/services/test_vendedores.py::test_actualizar_vendedor_no_permite_vaciar_nombre
ERROR tests/services/test_vendedores.py::test_actualizar_vendedor_no_permite_vaciar_codigo
ERROR tests/services/test_vendedores.py::test_actualizar_vendedor_no_permite_vaciar_identificacion
ERROR tests/services/test_vendedores.py::test_actualizar_vendedor_codigo_duplicado
ERROR tests/services/test_vendedores.py::test_actualizar_vendedor_identificacion_duplicada
ERROR tests/services/test_vendedores.py::test_actualizar_vendedor_permite_conservar_su_propio_codigo
ERROR tests/services/test_vendedores.py::test_eliminar_vendedor_siempre_falla_para_proteger_integridad
ERROR tests/services/test_vendedores.py::test_eliminar_vendedor_sin_usuario_autorizado_falla
ERROR tests/services/test_vendedores.py::test_cambiar_estado_vendedor_desactiva
ERROR tests/services/test_vendedores.py::test_cambiar_estado_vendedor_estado_invalido
ERROR tests/services/test_vendedores.py::test_cambiar_estado_vendedor_inexistente
ERROR tests/services/test_vendedores.py::test_cambiar_estado_vendedor_sin_usuario_autorizado_falla
ERROR tests/services/test_vendedores.py::test_desempeno_mes_vendedor_inexistente
ERROR tests/services/test_vendedores.py::test_desempeno_mes_sin_usuario_autorizado_falla
ERROR tests/services/test_vendedores.py::test_desempeno_mes_suma_ventas_y_excluye_anuladas
ERROR tests/services/test_vendedores.py::test_desempeno_mes_sin_ventas_en_el_periodo
ERROR tests/services/test_ventas.py::test_emitir_factura_contado_descuenta_stock_y_calcula_total
ERROR tests/services/test_ventas.py::test_emitir_factura_sin_usuario_autorizado_falla
ERROR tests/services/test_ventas.py::test_emitir_factura_contado_sin_permiso_pagos_falla
ERROR tests/services/test_ventas.py::test_emitir_factura_contado_abre_y_liquida_cuenta_por_cobrar_con_un_pago
ERROR tests/services/test_ventas.py::test_emitir_factura_contado_multiples_formas_de_pago_multimoneda
ERROR tests/services/test_ventas.py::test_emitir_factura_contado_pago_insuficiente_falla_y_no_deja_nada
ERROR tests/services/test_ventas.py::test_emitir_factura_contado_sin_pagos_falla
ERROR tests/services/test_ventas.py::test_emitir_factura_contado_pago_con_caja_sin_turno_abierto_falla
ERROR tests/services/test_ventas.py::test_emitir_factura_credito_no_admite_pagos
ERROR tests/services/test_ventas.py::test_emitir_factura_credito_abre_cuenta_por_cobrar
ERROR tests/services/test_ventas.py::test_emitir_factura_credito_excede_limite
ERROR tests/services/test_ventas.py::test_emitir_factura_credito_acumula_deuda_de_facturas_previas
ERROR tests/services/test_ventas.py::test_emitir_factura_stock_insuficiente
ERROR tests/services/test_ventas.py::test_emitir_factura_cliente_inactivo_falla
ERROR tests/services/test_ventas.py::test_emitir_factura_vendedor_inactivo_falla
ERROR tests/services/test_ventas.py::test_emitir_factura_vendedor_inexistente_falla
ERROR tests/services/test_ventas.py::test_emitir_factura_producto_inactivo_falla
ERROR tests/services/test_ventas.py::test_emitir_factura_producto_inexistente_falla
ERROR tests/services/test_ventas.py::test_emitir_factura_agrupa_items_repetidos_para_validar_stock
ERROR tests/services/test_ventas.py::test_emitir_factura_bloquea_stock_con_updlock_rowlock_concurrente
ERROR tests/services/test_ventas.py::test_emitir_factura_sin_items - pyodbc.O...
ERROR tests/services/test_ventas.py::test_emitir_factura_observaciones_supera_255_caracteres_falla
ERROR tests/services/test_ventas.py::test_emitir_factura_condicion_pago_invalida
ERROR tests/services/test_ventas.py::test_emitir_factura_cliente_inexistente
ERROR tests/services/test_ventas.py::test_anular_factura_contado_repone_stock
ERROR tests/services/test_ventas.py::test_anular_factura_sin_usuario_autorizado_falla
ERROR tests/services/test_ventas.py::test_anular_factura_credito_repone_stock_y_cierra_cxc
ERROR tests/services/test_ventas.py::test_anular_factura_con_pago_aplicado_genera_nota_de_credito
ERROR tests/services/test_ventas.py::test_anular_factura_con_comision_pendiente_borra_comision_y_anula
ERROR tests/services/test_ventas.py::test_anular_factura_con_comision_pagada_bloqueada
ERROR tests/services/test_ventas.py::test_emitir_factura_con_vendedor_calcula_comision_sobre_diferencia
ERROR tests/services/test_ventas.py::test_emitir_factura_precio_igual_al_de_lista_comision_cero
ERROR tests/services/test_ventas.py::test_emitir_factura_precio_menor_al_de_lista_requiere_autorizacion_y_comision_cero
ERROR tests/services/test_ventas.py::test_emitir_factura_precio_menor_al_de_lista_sin_autorizacion_falla
ERROR tests/services/test_ventas.py::test_emitir_factura_precio_menor_al_de_lista_autorizador_sin_permiso_falla
ERROR tests/services/test_ventas.py::test_emitir_factura_sin_precio_de_lista_falla
ERROR tests/services/test_ventas.py::test_emitir_factura_sin_vendedor_falla
ERROR tests/services/test_ventas.py::test_anular_factura_sin_motivo - pyodbc....
ERROR tests/services/test_ventas.py::test_anular_factura_ya_anulada - pyodbc....
ERROR tests/services/test_ventas.py::test_listar_facturas_filtra_por_cliente
ERROR tests/services/test_ventas.py::test_listar_facturas_sin_usuario_autorizado_falla
ERROR tests/services/test_ventas.py::test_listar_facturas_filtra_por_numero_parcial
ERROR tests/services/test_ventas.py::test_listar_facturas_texto_busqueda_matchea_numero_cliente_o_vendedor
ERROR tests/services/test_ventas.py::test_listar_facturas_filtra_por_estado_vencida
ERROR tests/services/test_ventas.py::test_listar_facturas_filtra_por_estado_pagada
ERROR tests/services/test_ventas.py::test_obtener_factura_incluye_detalles - ...
ERROR tests/services/test_ventas.py::test_obtener_factura_credito_recien_emitida_estado_visual_emitida
ERROR tests/services/test_ventas.py::test_obtener_factura_credito_pago_parcial_estado_visual_parcial
ERROR tests/services/test_ventas.py::test_obtener_factura_credito_vencida_estado_visual_vencida
ERROR tests/services/test_ventas.py::test_obtener_factura_anulada_estado_visual_anulada
ERROR tests/services/test_ventas.py::test_obtener_factura_inexistente_falla
ERROR tests/services/test_ventas.py::test_obtener_factura_sin_usuario_autorizado_falla
ERROR tests/services/test_ventas.py::test_emitir_factura_numero_control_correlativo_unico
ERROR tests/services/test_ventas.py::test_emitir_factura_sin_config_empresa_no_calcula_iva
ERROR tests/services/test_ventas.py::test_emitir_factura_con_iva_activo_calcula_monto_y_snapshot
ERROR tests/services/test_ventas.py::test_emitir_factura_con_iva_desactivado_no_calcula_iva_aunque_haya_config
ERROR tests/services/test_ventas.py::test_emitir_factura_credito_con_iva_suma_iva_a_cuenta_por_cobrar
ERROR tests/services/test_ventas.py::test_emitir_factura_credito_con_iva_valida_limite_credito_incluyendo_iva
ERROR tests/services/test_ventas.py::test_emitir_factura_monto_descuento_sin_autorizacion_falla
ERROR tests/services/test_ventas.py::test_emitir_factura_monto_descuento_autorizado_resta_del_total
ERROR tests/services/test_ventas.py::test_emitir_factura_monto_descuento_mayor_al_subtotal_falla
ERROR tests/services/test_ventas.py::test_emitir_factura_monto_descuento_negativo_falla
ERROR tests/services/test_ventas.py::test_emitir_factura_credito_con_descuento_y_iva_ajusta_cuenta_por_cobrar
ERROR tests/services/test_ventas.py::test_emitir_factura_credito_cliente_sin_dias_credito_falla
ERROR tests/services/test_ventas.py::test_emitir_factura_credito_usa_dias_configurados_por_defecto
ERROR tests/services/test_ventas.py::test_emitir_factura_credito_dias_personalizados_sin_autorizacion_falla
ERROR tests/services/test_ventas.py::test_emitir_factura_credito_dias_personalizados_autorizado_ok
ERROR tests/services/test_ventas.py::test_emitir_factura_credito_dias_personalizados_sin_permiso_falla
ERROR tests/services/test_ventas.py::test_emitir_factura_contado_no_admite_dias_credito_personalizados
ERROR tests/services/test_ventas.py::test_consultar_limite_disponible_sin_deuda
ERROR tests/services/test_ventas.py::test_consultar_limite_disponible_descuenta_deuda_vigente
ERROR tests/services/test_ventas.py::test_consultar_limite_disponible_cliente_sin_dias_credito_no_es_elegible
ERROR tests/services/test_ventas.py::test_consultar_limite_disponible_cliente_inexistente_falla
ERROR tests/services/test_ventas.py::test_consultar_limite_disponible_sin_usuario_autorizado_falla
ERROR tests/services/test_ventas.py::test_emitir_factura_vuelto_bancario_sin_referencia_falla
ERROR tests/services/test_ventas.py::test_emitir_factura_vuelto_bancario_sin_autorizador_falla
ERROR tests/services/test_ventas.py::test_emitir_factura_vuelto_bancario_autorizador_sin_permiso_falla
ERROR tests/services/test_ventas.py::test_emitir_factura_vuelto_bancario_autorizado_ok
ERROR tests/services/test_ventas.py::test_emitir_factura_vuelto_efectivo_no_requiere_autorizacion
ERROR tests/services/test_ventas.py::test_emitir_factura_vuelto_efectivo_saldo_insuficiente_falla
ERROR tests/services/test_ventas.py::test_emitir_factura_vuelto_efectivo_se_infiere_de_la_unica_caja_usada
ERROR tests/test_migrar.py::test_bootstrap_crea_tabla_y_registra_baseline - p...
ERROR tests/test_migrar.py::test_correr_dos_veces_sin_migraciones_nuevas_es_idempotente
ERROR tests/test_migrar.py::test_aplica_migracion_pendiente_y_no_la_repite - ...
ERROR tests/test_migrar.py::test_verificar_migraciones_al_dia_sin_pendientes_no_lanza
ERROR tests/test_migrar.py::test_verificar_migraciones_al_dia_con_pendiente_lanza
ERROR tests/test_migrar.py::test_aplica_migracion_con_alter_database_fuera_de_transaccion
ERROR tests/test_migrar.py::test_verificar_migraciones_al_dia_no_modifica_nada
================= 30 passed, 1 warning, 835 errors in 19.97s ==================
